[ 2016-10-13T21:58:21+08:00 ] ::1 ::1 GET /
[ log ] localhost:8888/ [运行时间：0.074452s][吞吐率：13.43req/s] [内存消耗：1,552.16kb] [文件加载：33]
[ info ] [ ROUTE ] array (
  'type' => 'module',
  'module' => 
  array (
    0 => '',
    1 => NULL,
    2 => NULL,
  ),
)
[ info ] [ HEADER ] array (
  'host' => 'localhost:8888',
  'accept' => 'text/html,application/xhtml+xml,application/xml;q=0.9,*/*;q=0.8',
  'upgrade-insecure-requests' => '1',
  'cookie' => 'CNZZDATA155540=cnzz_eid%3D1460454944-1472045223-%26ntime%3D1476106879; ace.settings=%7B%22sidebar-collapsed%22%3A-1%7D; Webstorm-8aea5f95=23434b1f-8580-4344-a5c1-eff1d22687af',
  'user-agent' => 'Mozilla/5.0 (Macintosh; Intel Mac OS X 10_12) AppleWebKit/602.1.50 (KHTML, like Gecko) Version/10.0 Safari/602.1.50',
  'accept-language' => 'zh-cn',
  'accept-encoding' => 'gzip, deflate',
  'connection' => 'keep-alive',
)
[ info ] [ PARAM ] array (
)
[ info ] [ RUN ] Method [ <user> public method index ] {
  @@ /Users/zhouweiyong/Code/web/Think5Api/application/index/controller/Index.php 6 - 9
}

[ info ] [ LOG ] INIT File

---------------------------------------------------------------
[ 2016-10-13T21:58:24+08:00 ] ::1 ::1 GET /index.php/Admin/
[ log ] localhost:8888/index.php/Admin/ [运行时间：0.052356s][吞吐率：19.10req/s] [内存消耗：2,019.25kb] [文件加载：45]
[ info ] [ ROUTE ] array (
  'type' => 'module',
  'module' => 
  array (
    0 => 'Admin',
    1 => NULL,
    2 => NULL,
  ),
)
[ info ] [ HEADER ] array (
  'host' => 'localhost:8888',
  'accept' => 'text/html,application/xhtml+xml,application/xml;q=0.9,*/*;q=0.8',
  'upgrade-insecure-requests' => '1',
  'cookie' => 'CNZZDATA155540=cnzz_eid%3D1460454944-1472045223-%26ntime%3D1476106879; ace.settings=%7B%22sidebar-collapsed%22%3A-1%7D; Webstorm-8aea5f95=23434b1f-8580-4344-a5c1-eff1d22687af',
  'user-agent' => 'Mozilla/5.0 (Macintosh; Intel Mac OS X 10_12) AppleWebKit/602.1.50 (KHTML, like Gecko) Version/10.0 Safari/602.1.50',
  'accept-language' => 'zh-cn',
  'accept-encoding' => 'gzip, deflate',
  'connection' => 'keep-alive',
)
[ info ] [ PARAM ] array (
)
[ info ] [ RUN ] Method [ <user> public method index ] {
  @@ /Users/zhouweiyong/Code/web/Think5Api/application/admin/controller/Index.php 17 - 25
}

[ info ] [ VIEW ] /Users/zhouweiyong/Code/web/Think5Api/public/../application/admin/view/index/index.html [ array (
  0 => 'Config',
) ]
[ info ] [ LOG ] INIT File

---------------------------------------------------------------
[ 2016-10-13T22:31:39+08:00 ] ::1 ::1 GET /index.php/Admin/
[ log ] localhost:8888/index.php/Admin/ [运行时间：0.036024s][吞吐率：27.76req/s] [内存消耗：2,019.55kb] [文件加载：45]
[ info ] [ ROUTE ] array (
  'type' => 'module',
  'module' => 
  array (
    0 => 'Admin',
    1 => NULL,
    2 => NULL,
  ),
)
[ info ] [ HEADER ] array (
  'host' => 'localhost:8888',
  'user-agent' => 'Mozilla/5.0 (Macintosh; Intel Mac OS X 10.12; rv:49.0) Gecko/20100101 Firefox/49.0',
  'accept' => 'text/html,application/xhtml+xml,application/xml;q=0.9,*/*;q=0.8',
  'accept-language' => 'zh-CN,zh;q=0.8,en-US;q=0.5,en;q=0.3',
  'accept-encoding' => 'gzip, deflate',
  'cookie' => 'ace.settings=%7B%22sidebar-collapsed%22%3A-1%7D; Webstorm-8aea5f95=23434b1f-8580-4344-a5c1-eff1d22687af; CNZZDATA155540=cnzz_eid%3D2136305627-1472045223-%26ntime%3D1476198695; ace.settings=%7B%22sidebar-collapsed%22%3A-1%7D',
  'connection' => 'keep-alive',
  'upgrade-insecure-requests' => '1',
)
[ info ] [ PARAM ] array (
)
[ info ] [ RUN ] Method [ <user> public method index ] {
  @@ /Users/zhouweiyong/Code/web/Think5Api/application/admin/controller/Index.php 17 - 25
}

[ info ] [ VIEW ] /Users/zhouweiyong/Code/web/Think5Api/public/../application/admin/view/index/index.html [ array (
  0 => 'Config',
) ]
[ info ] [ LOG ] INIT File

---------------------------------------------------------------
[ 2016-10-13T22:31:44+08:00 ] ::1 ::1 GET /index.php/admin/news/add.html
[ log ] localhost:8888/index.php/admin/news/add.html [运行时间：0.025919s][吞吐率：38.58req/s] [内存消耗：2,024.73kb] [文件加载：45]
[ info ] [ ROUTE ] array (
  'type' => 'module',
  'module' => 
  array (
    0 => 'admin',
    1 => 'news',
    2 => 'add',
  ),
)
[ info ] [ HEADER ] array (
  'host' => 'localhost:8888',
  'user-agent' => 'Mozilla/5.0 (Macintosh; Intel Mac OS X 10.12; rv:49.0) Gecko/20100101 Firefox/49.0',
  'accept' => 'text/html,application/xhtml+xml,application/xml;q=0.9,*/*;q=0.8',
  'accept-language' => 'zh-CN,zh;q=0.8,en-US;q=0.5,en;q=0.3',
  'accept-encoding' => 'gzip, deflate',
  'referer' => 'http://localhost:8888/index.php/Admin/',
  'cookie' => 'ace.settings=%7B%22sidebar-collapsed%22%3A-1%7D; ace.settings=%7B%22sidebar-collapsed%22%3A-1%7D; Webstorm-8aea5f95=23434b1f-8580-4344-a5c1-eff1d22687af; CNZZDATA155540=cnzz_eid%3D2136305627-1472045223-%26ntime%3D1476366126; ace.settings=%7B%22sidebar-collapsed%22%3A-1%7D',
  'connection' => 'keep-alive',
  'upgrade-insecure-requests' => '1',
)
[ info ] [ PARAM ] array (
)
[ info ] [ RUN ] Method [ <user> public method add ] {
  @@ /Users/zhouweiyong/Code/web/Think5Api/application/admin/controller/News.php 15 - 22
}

[ info ] [ VIEW ] /Users/zhouweiyong/Code/web/Think5Api/public/../application/admin/view/news/add.html [ array (
  0 => 'Config',
) ]
[ info ] [ LOG ] INIT File

---------------------------------------------------------------
[ 2016-10-13T22:32:05+08:00 ] ::1 ::1 GET /index.php/admin/news/add.html
[ log ] localhost:8888/index.php/admin/news/add.html [运行时间：0.044738s][吞吐率：22.35req/s] [内存消耗：2,257.09kb] [文件加载：47]
[ info ] [ ROUTE ] array (
  'type' => 'module',
  'module' => 
  array (
    0 => 'admin',
    1 => 'news',
    2 => 'add',
  ),
)
[ info ] [ HEADER ] array (
  'host' => 'localhost:8888',
  'user-agent' => 'Mozilla/5.0 (Macintosh; Intel Mac OS X 10.12; rv:49.0) Gecko/20100101 Firefox/49.0',
  'accept' => 'text/html,application/xhtml+xml,application/xml;q=0.9,*/*;q=0.8',
  'accept-language' => 'zh-CN,zh;q=0.8,en-US;q=0.5,en;q=0.3',
  'accept-encoding' => 'gzip, deflate',
  'cookie' => 'ace.settings=%7B%22sidebar-collapsed%22%3A-1%7D; ace.settings=%7B%22sidebar-collapsed%22%3A-1%7D; Webstorm-8aea5f95=23434b1f-8580-4344-a5c1-eff1d22687af; CNZZDATA155540=cnzz_eid%3D2136305627-1472045223-%26ntime%3D1476366126; ace.settings=%7B%22sidebar-collapsed%22%3A-1%7D',
  'connection' => 'keep-alive',
  'upgrade-insecure-requests' => '1',
)
[ info ] [ PARAM ] array (
)
[ info ] [ RUN ] Method [ <user> public method add ] {
  @@ /Users/zhouweiyong/Code/web/Think5Api/application/admin/controller/News.php 15 - 22
}

[ info ] [ VIEW ] /Users/zhouweiyong/Code/web/Think5Api/public/../application/admin/view/news/add.html [ array (
  0 => 'Config',
) ]
[ info ] [ LOG ] INIT File

---------------------------------------------------------------
[ 2016-10-13T22:39:49+08:00 ] ::1 ::1 GET /index.php/admin/news/add.html
[ log ] localhost:8888/index.php/admin/news/add.html [运行时间：0.047173s][吞吐率：21.20req/s] [内存消耗：2,257.12kb] [文件加载：47]
[ info ] [ ROUTE ] array (
  'type' => 'module',
  'module' => 
  array (
    0 => 'admin',
    1 => 'news',
    2 => 'add',
  ),
)
[ info ] [ HEADER ] array (
  'host' => 'localhost:8888',
  'user-agent' => 'Mozilla/5.0 (Macintosh; Intel Mac OS X 10.12; rv:49.0) Gecko/20100101 Firefox/49.0',
  'accept' => 'text/html,application/xhtml+xml,application/xml;q=0.9,*/*;q=0.8',
  'accept-language' => 'zh-CN,zh;q=0.8,en-US;q=0.5,en;q=0.3',
  'accept-encoding' => 'gzip, deflate',
  'cookie' => 'ace.settings=%7B%22sidebar-collapsed%22%3A-1%7D; ace.settings=%7B%22sidebar-collapsed%22%3A-1%7D; Webstorm-8aea5f95=23434b1f-8580-4344-a5c1-eff1d22687af; CNZZDATA155540=cnzz_eid%3D2136305627-1472045223-%26ntime%3D1476366126; ace.settings=%7B%22sidebar-collapsed%22%3A-1%7D',
  'connection' => 'keep-alive',
  'upgrade-insecure-requests' => '1',
  'cache-control' => 'max-age=0',
)
[ info ] [ PARAM ] array (
)
[ info ] [ RUN ] Method [ <user> public method add ] {
  @@ /Users/zhouweiyong/Code/web/Think5Api/application/admin/controller/News.php 15 - 22
}

[ info ] [ VIEW ] /Users/zhouweiyong/Code/web/Think5Api/public/../application/admin/view/news/add.html [ array (
  0 => 'Config',
) ]
[ info ] [ LOG ] INIT File

---------------------------------------------------------------
[ 2016-10-13T22:39:51+08:00 ] ::1 ::1 GET /index.php/admin/news/add.html
[ log ] localhost:8888/index.php/admin/news/add.html [运行时间：0.028761s][吞吐率：34.77req/s] [内存消耗：2,024.76kb] [文件加载：45]
[ info ] [ ROUTE ] array (
  'type' => 'module',
  'module' => 
  array (
    0 => 'admin',
    1 => 'news',
    2 => 'add',
  ),
)
[ info ] [ HEADER ] array (
  'host' => 'localhost:8888',
  'user-agent' => 'Mozilla/5.0 (Macintosh; Intel Mac OS X 10.12; rv:49.0) Gecko/20100101 Firefox/49.0',
  'accept' => 'text/html,application/xhtml+xml,application/xml;q=0.9,*/*;q=0.8',
  'accept-language' => 'zh-CN,zh;q=0.8,en-US;q=0.5,en;q=0.3',
  'accept-encoding' => 'gzip, deflate',
  'cookie' => 'ace.settings=%7B%22sidebar-collapsed%22%3A-1%7D; ace.settings=%7B%22sidebar-collapsed%22%3A-1%7D; Webstorm-8aea5f95=23434b1f-8580-4344-a5c1-eff1d22687af; CNZZDATA155540=cnzz_eid%3D2136305627-1472045223-%26ntime%3D1476366126; ace.settings=%7B%22sidebar-collapsed%22%3A-1%7D',
  'connection' => 'keep-alive',
  'upgrade-insecure-requests' => '1',
  'cache-control' => 'max-age=0',
)
[ info ] [ PARAM ] array (
)
[ info ] [ RUN ] Method [ <user> public method add ] {
  @@ /Users/zhouweiyong/Code/web/Think5Api/application/admin/controller/News.php 15 - 22
}

[ info ] [ VIEW ] /Users/zhouweiyong/Code/web/Think5Api/public/../application/admin/view/news/add.html [ array (
  0 => 'Config',
) ]
[ info ] [ LOG ] INIT File

---------------------------------------------------------------
[ 2016-10-13T22:47:30+08:00 ] ::1 ::1 GET /index.php/admin/news/add.html
[ log ] localhost:8888/index.php/admin/news/add.html [运行时间：0.037801s][吞吐率：26.45req/s] [内存消耗：2,256.84kb] [文件加载：47]
[ info ] [ ROUTE ] array (
  'type' => 'module',
  'module' => 
  array (
    0 => 'admin',
    1 => 'news',
    2 => 'add',
  ),
)
[ info ] [ HEADER ] array (
  'host' => 'localhost:8888',
  'user-agent' => 'Mozilla/5.0 (Macintosh; Intel Mac OS X 10.12; rv:49.0) Gecko/20100101 Firefox/49.0',
  'accept' => 'text/html,application/xhtml+xml,application/xml;q=0.9,*/*;q=0.8',
  'accept-language' => 'zh-CN,zh;q=0.8,en-US;q=0.5,en;q=0.3',
  'accept-encoding' => 'gzip, deflate',
  'cookie' => 'ace.settings=%7B%22sidebar-collapsed%22%3A-1%7D; ace.settings=%7B%22sidebar-collapsed%22%3A-1%7D; Webstorm-8aea5f95=23434b1f-8580-4344-a5c1-eff1d22687af; CNZZDATA155540=cnzz_eid%3D2136305627-1472045223-%26ntime%3D1476366126; ace.settings=%7B%22sidebar-collapsed%22%3A-1%7D',
  'connection' => 'keep-alive',
  'upgrade-insecure-requests' => '1',
)
[ info ] [ PARAM ] array (
)
[ info ] [ RUN ] Method [ <user> public method add ] {
  @@ /Users/zhouweiyong/Code/web/Think5Api/application/admin/controller/News.php 15 - 22
}

[ info ] [ VIEW ] /Users/zhouweiyong/Code/web/Think5Api/public/../application/admin/view/news/add.html [ array (
  0 => 'Config',
) ]
[ info ] [ LOG ] INIT File

---------------------------------------------------------------
[ 2016-10-13T22:47:45+08:00 ] ::1 ::1 GET /index.php/admin/news/add.html
[ log ] localhost:8888/index.php/admin/news/add.html [运行时间：0.039410s][吞吐率：25.37req/s] [内存消耗：2,256.89kb] [文件加载：47]
[ info ] [ ROUTE ] array (
  'type' => 'module',
  'module' => 
  array (
    0 => 'admin',
    1 => 'news',
    2 => 'add',
  ),
)
[ info ] [ HEADER ] array (
  'host' => 'localhost:8888',
  'user-agent' => 'Mozilla/5.0 (Macintosh; Intel Mac OS X 10.12; rv:49.0) Gecko/20100101 Firefox/49.0',
  'accept' => 'text/html,application/xhtml+xml,application/xml;q=0.9,*/*;q=0.8',
  'accept-language' => 'zh-CN,zh;q=0.8,en-US;q=0.5,en;q=0.3',
  'accept-encoding' => 'gzip, deflate',
  'cookie' => 'ace.settings=%7B%22sidebar-collapsed%22%3A-1%7D; ace.settings=%7B%22sidebar-collapsed%22%3A-1%7D; Webstorm-8aea5f95=23434b1f-8580-4344-a5c1-eff1d22687af; CNZZDATA155540=cnzz_eid%3D2136305627-1472045223-%26ntime%3D1476366126; ace.settings=%7B%22sidebar-collapsed%22%3A-1%7D',
  'connection' => 'keep-alive',
  'upgrade-insecure-requests' => '1',
)
[ info ] [ PARAM ] array (
)
[ info ] [ RUN ] Method [ <user> public method add ] {
  @@ /Users/zhouweiyong/Code/web/Think5Api/application/admin/controller/News.php 15 - 22
}

[ info ] [ VIEW ] /Users/zhouweiyong/Code/web/Think5Api/public/../application/admin/view/news/add.html [ array (
  0 => 'Config',
) ]
[ info ] [ LOG ] INIT File

---------------------------------------------------------------
[ 2016-10-13T22:47:51+08:00 ] ::1 ::1 GET /index.php/admin/news/add.html
[ log ] localhost:8888/index.php/admin/news/add.html [运行时间：0.034931s][吞吐率：28.63req/s] [内存消耗：2,256.87kb] [文件加载：47]
[ info ] [ ROUTE ] array (
  'type' => 'module',
  'module' => 
  array (
    0 => 'admin',
    1 => 'news',
    2 => 'add',
  ),
)
[ info ] [ HEADER ] array (
  'host' => 'localhost:8888',
  'user-agent' => 'Mozilla/5.0 (Macintosh; Intel Mac OS X 10.12; rv:49.0) Gecko/20100101 Firefox/49.0',
  'accept' => 'text/html,application/xhtml+xml,application/xml;q=0.9,*/*;q=0.8',
  'accept-language' => 'zh-CN,zh;q=0.8,en-US;q=0.5,en;q=0.3',
  'accept-encoding' => 'gzip, deflate',
  'cookie' => 'ace.settings=%7B%22sidebar-collapsed%22%3A-1%7D; ace.settings=%7B%22sidebar-collapsed%22%3A-1%7D; Webstorm-8aea5f95=23434b1f-8580-4344-a5c1-eff1d22687af; CNZZDATA155540=cnzz_eid%3D2136305627-1472045223-%26ntime%3D1476366126; ace.settings=%7B%22sidebar-collapsed%22%3A-1%7D',
  'connection' => 'keep-alive',
  'upgrade-insecure-requests' => '1',
)
[ info ] [ PARAM ] array (
)
[ info ] [ RUN ] Method [ <user> public method add ] {
  @@ /Users/zhouweiyong/Code/web/Think5Api/application/admin/controller/News.php 15 - 22
}

[ info ] [ VIEW ] /Users/zhouweiyong/Code/web/Think5Api/public/../application/admin/view/news/add.html [ array (
  0 => 'Config',
) ]
[ info ] [ LOG ] INIT File

---------------------------------------------------------------
[ 2016-10-13T22:54:48+08:00 ] ::1 ::1 GET /index.php/admin/news/add.html
[ log ] localhost:8888/index.php/admin/news/add.html [运行时间：0.033401s][吞吐率：29.94req/s] [内存消耗：2,256.96kb] [文件加载：47]
[ info ] [ ROUTE ] array (
  'type' => 'module',
  'module' => 
  array (
    0 => 'admin',
    1 => 'news',
    2 => 'add',
  ),
)
[ info ] [ HEADER ] array (
  'host' => 'localhost:8888',
  'user-agent' => 'Mozilla/5.0 (Macintosh; Intel Mac OS X 10.12; rv:49.0) Gecko/20100101 Firefox/49.0',
  'accept' => 'text/html,application/xhtml+xml,application/xml;q=0.9,*/*;q=0.8',
  'accept-language' => 'zh-CN,zh;q=0.8,en-US;q=0.5,en;q=0.3',
  'accept-encoding' => 'gzip, deflate',
  'cookie' => 'ace.settings=%7B%22sidebar-collapsed%22%3A-1%7D; ace.settings=%7B%22sidebar-collapsed%22%3A-1%7D; Webstorm-8aea5f95=23434b1f-8580-4344-a5c1-eff1d22687af; CNZZDATA155540=cnzz_eid%3D2136305627-1472045223-%26ntime%3D1476366126; ace.settings=%7B%22sidebar-collapsed%22%3A-1%7D',
  'connection' => 'keep-alive',
  'upgrade-insecure-requests' => '1',
)
[ info ] [ PARAM ] array (
)
[ info ] [ RUN ] Method [ <user> public method add ] {
  @@ /Users/zhouweiyong/Code/web/Think5Api/application/admin/controller/News.php 15 - 22
}

[ info ] [ VIEW ] /Users/zhouweiyong/Code/web/Think5Api/public/../application/admin/view/news/add.html [ array (
  0 => 'Config',
) ]
[ info ] [ LOG ] INIT File

---------------------------------------------------------------
[ 2016-10-13T22:55:11+08:00 ] ::1 ::1 GET /index.php/admin/news/add.html
[ log ] localhost:8888/index.php/admin/news/add.html [运行时间：0.035967s][吞吐率：27.80req/s] [内存消耗：2,256.95kb] [文件加载：47]
[ info ] [ ROUTE ] array (
  'type' => 'module',
  'module' => 
  array (
    0 => 'admin',
    1 => 'news',
    2 => 'add',
  ),
)
[ info ] [ HEADER ] array (
  'host' => 'localhost:8888',
  'user-agent' => 'Mozilla/5.0 (Macintosh; Intel Mac OS X 10.12; rv:49.0) Gecko/20100101 Firefox/49.0',
  'accept' => 'text/html,application/xhtml+xml,application/xml;q=0.9,*/*;q=0.8',
  'accept-language' => 'zh-CN,zh;q=0.8,en-US;q=0.5,en;q=0.3',
  'accept-encoding' => 'gzip, deflate',
  'cookie' => 'ace.settings=%7B%22sidebar-collapsed%22%3A-1%7D; ace.settings=%7B%22sidebar-collapsed%22%3A-1%7D; Webstorm-8aea5f95=23434b1f-8580-4344-a5c1-eff1d22687af; CNZZDATA155540=cnzz_eid%3D2136305627-1472045223-%26ntime%3D1476366126; ace.settings=%7B%22sidebar-collapsed%22%3A-1%7D',
  'connection' => 'keep-alive',
  'upgrade-insecure-requests' => '1',
)
[ info ] [ PARAM ] array (
)
[ info ] [ RUN ] Method [ <user> public method add ] {
  @@ /Users/zhouweiyong/Code/web/Think5Api/application/admin/controller/News.php 15 - 22
}

[ info ] [ VIEW ] /Users/zhouweiyong/Code/web/Think5Api/public/../application/admin/view/news/add.html [ array (
  0 => 'Config',
) ]
[ info ] [ LOG ] INIT File

---------------------------------------------------------------
[ 2016-10-13T22:55:21+08:00 ] ::1 ::1 GET /index.php/admin/news/add.html
[ log ] localhost:8888/index.php/admin/news/add.html [运行时间：0.036461s][吞吐率：27.43req/s] [内存消耗：2,257.10kb] [文件加载：47]
[ info ] [ ROUTE ] array (
  'type' => 'module',
  'module' => 
  array (
    0 => 'admin',
    1 => 'news',
    2 => 'add',
  ),
)
[ info ] [ HEADER ] array (
  'host' => 'localhost:8888',
  'user-agent' => 'Mozilla/5.0 (Macintosh; Intel Mac OS X 10.12; rv:49.0) Gecko/20100101 Firefox/49.0',
  'accept' => 'text/html,application/xhtml+xml,application/xml;q=0.9,*/*;q=0.8',
  'accept-language' => 'zh-CN,zh;q=0.8,en-US;q=0.5,en;q=0.3',
  'accept-encoding' => 'gzip, deflate',
  'cookie' => 'ace.settings=%7B%22sidebar-collapsed%22%3A-1%7D; ace.settings=%7B%22sidebar-collapsed%22%3A-1%7D; Webstorm-8aea5f95=23434b1f-8580-4344-a5c1-eff1d22687af; CNZZDATA155540=cnzz_eid%3D2136305627-1472045223-%26ntime%3D1476366126; ace.settings=%7B%22sidebar-collapsed%22%3A-1%7D',
  'connection' => 'keep-alive',
  'upgrade-insecure-requests' => '1',
  'cache-control' => 'max-age=0',
)
[ info ] [ PARAM ] array (
)
[ info ] [ RUN ] Method [ <user> public method add ] {
  @@ /Users/zhouweiyong/Code/web/Think5Api/application/admin/controller/News.php 15 - 22
}

[ info ] [ VIEW ] /Users/zhouweiyong/Code/web/Think5Api/public/../application/admin/view/news/add.html [ array (
  0 => 'Config',
) ]
[ info ] [ LOG ] INIT File

---------------------------------------------------------------
[ 2016-10-13T22:55:29+08:00 ] ::1 ::1 GET /index.php/admin/news/add.html
[ log ] localhost:8888/index.php/admin/news/add.html [运行时间：0.039385s][吞吐率：25.39req/s] [内存消耗：2,257.10kb] [文件加载：47]
[ info ] [ ROUTE ] array (
  'type' => 'module',
  'module' => 
  array (
    0 => 'admin',
    1 => 'news',
    2 => 'add',
  ),
)
[ info ] [ HEADER ] array (
  'host' => 'localhost:8888',
  'user-agent' => 'Mozilla/5.0 (Macintosh; Intel Mac OS X 10.12; rv:49.0) Gecko/20100101 Firefox/49.0',
  'accept' => 'text/html,application/xhtml+xml,application/xml;q=0.9,*/*;q=0.8',
  'accept-language' => 'zh-CN,zh;q=0.8,en-US;q=0.5,en;q=0.3',
  'accept-encoding' => 'gzip, deflate',
  'cookie' => 'ace.settings=%7B%22sidebar-collapsed%22%3A-1%7D; ace.settings=%7B%22sidebar-collapsed%22%3A-1%7D; Webstorm-8aea5f95=23434b1f-8580-4344-a5c1-eff1d22687af; CNZZDATA155540=cnzz_eid%3D2136305627-1472045223-%26ntime%3D1476366126; ace.settings=%7B%22sidebar-collapsed%22%3A-1%7D',
  'connection' => 'keep-alive',
  'upgrade-insecure-requests' => '1',
  'cache-control' => 'max-age=0',
)
[ info ] [ PARAM ] array (
)
[ info ] [ RUN ] Method [ <user> public method add ] {
  @@ /Users/zhouweiyong/Code/web/Think5Api/application/admin/controller/News.php 15 - 22
}

[ info ] [ VIEW ] /Users/zhouweiyong/Code/web/Think5Api/public/../application/admin/view/news/add.html [ array (
  0 => 'Config',
) ]
[ info ] [ LOG ] INIT File

---------------------------------------------------------------
[ 2016-10-13T22:55:40+08:00 ] ::1 ::1 GET /index.php/admin/news/add.html
[ log ] localhost:8888/index.php/admin/news/add.html [运行时间：0.039379s][吞吐率：25.39req/s] [内存消耗：2,257.10kb] [文件加载：47]
[ info ] [ ROUTE ] array (
  'type' => 'module',
  'module' => 
  array (
    0 => 'admin',
    1 => 'news',
    2 => 'add',
  ),
)
[ info ] [ HEADER ] array (
  'host' => 'localhost:8888',
  'user-agent' => 'Mozilla/5.0 (Macintosh; Intel Mac OS X 10.12; rv:49.0) Gecko/20100101 Firefox/49.0',
  'accept' => 'text/html,application/xhtml+xml,application/xml;q=0.9,*/*;q=0.8',
  'accept-language' => 'zh-CN,zh;q=0.8,en-US;q=0.5,en;q=0.3',
  'accept-encoding' => 'gzip, deflate',
  'cookie' => 'ace.settings=%7B%22sidebar-collapsed%22%3A-1%7D; ace.settings=%7B%22sidebar-collapsed%22%3A-1%7D; Webstorm-8aea5f95=23434b1f-8580-4344-a5c1-eff1d22687af; CNZZDATA155540=cnzz_eid%3D2136305627-1472045223-%26ntime%3D1476366126; ace.settings=%7B%22sidebar-collapsed%22%3A-1%7D',
  'connection' => 'keep-alive',
  'upgrade-insecure-requests' => '1',
  'cache-control' => 'max-age=0',
)
[ info ] [ PARAM ] array (
)
[ info ] [ RUN ] Method [ <user> public method add ] {
  @@ /Users/zhouweiyong/Code/web/Think5Api/application/admin/controller/News.php 15 - 22
}

[ info ] [ VIEW ] /Users/zhouweiyong/Code/web/Think5Api/public/../application/admin/view/news/add.html [ array (
  0 => 'Config',
) ]
[ info ] [ LOG ] INIT File

---------------------------------------------------------------
[ 2016-10-13T22:55:49+08:00 ] ::1 ::1 GET /index.php/admin/news/add.html
[ log ] localhost:8888/index.php/admin/news/add.html [运行时间：0.039600s][吞吐率：25.25req/s] [内存消耗：2,257.22kb] [文件加载：47]
[ info ] [ ROUTE ] array (
  'type' => 'module',
  'module' => 
  array (
    0 => 'admin',
    1 => 'news',
    2 => 'add',
  ),
)
[ info ] [ HEADER ] array (
  'host' => 'localhost:8888',
  'user-agent' => 'Mozilla/5.0 (Macintosh; Intel Mac OS X 10.12; rv:49.0) Gecko/20100101 Firefox/49.0',
  'accept' => 'text/html,application/xhtml+xml,application/xml;q=0.9,*/*;q=0.8',
  'accept-language' => 'zh-CN,zh;q=0.8,en-US;q=0.5,en;q=0.3',
  'accept-encoding' => 'gzip, deflate',
  'cookie' => 'ace.settings=%7B%22sidebar-collapsed%22%3A-1%7D; ace.settings=%7B%22sidebar-collapsed%22%3A-1%7D; Webstorm-8aea5f95=23434b1f-8580-4344-a5c1-eff1d22687af; CNZZDATA155540=cnzz_eid%3D2136305627-1472045223-%26ntime%3D1476366126; ace.settings=%7B%22sidebar-collapsed%22%3A-1%7D',
  'connection' => 'keep-alive',
  'upgrade-insecure-requests' => '1',
  'cache-control' => 'max-age=0',
)
[ info ] [ PARAM ] array (
)
[ info ] [ RUN ] Method [ <user> public method add ] {
  @@ /Users/zhouweiyong/Code/web/Think5Api/application/admin/controller/News.php 15 - 22
}

[ info ] [ VIEW ] /Users/zhouweiyong/Code/web/Think5Api/public/../application/admin/view/news/add.html [ array (
  0 => 'Config',
) ]
[ info ] [ LOG ] INIT File

---------------------------------------------------------------
[ 2016-10-13T22:56:15+08:00 ] ::1 ::1 GET /index.php/admin/news/add.html
[ log ] localhost:8888/index.php/admin/news/add.html [运行时间：0.040193s][吞吐率：24.88req/s] [内存消耗：2,257.22kb] [文件加载：47]
[ info ] [ ROUTE ] array (
  'type' => 'module',
  'module' => 
  array (
    0 => 'admin',
    1 => 'news',
    2 => 'add',
  ),
)
[ info ] [ HEADER ] array (
  'host' => 'localhost:8888',
  'user-agent' => 'Mozilla/5.0 (Macintosh; Intel Mac OS X 10.12; rv:49.0) Gecko/20100101 Firefox/49.0',
  'accept' => 'text/html,application/xhtml+xml,application/xml;q=0.9,*/*;q=0.8',
  'accept-language' => 'zh-CN,zh;q=0.8,en-US;q=0.5,en;q=0.3',
  'accept-encoding' => 'gzip, deflate',
  'cookie' => 'ace.settings=%7B%22sidebar-collapsed%22%3A-1%7D; ace.settings=%7B%22sidebar-collapsed%22%3A-1%7D; Webstorm-8aea5f95=23434b1f-8580-4344-a5c1-eff1d22687af; CNZZDATA155540=cnzz_eid%3D2136305627-1472045223-%26ntime%3D1476366126; ace.settings=%7B%22sidebar-collapsed%22%3A-1%7D',
  'connection' => 'keep-alive',
  'upgrade-insecure-requests' => '1',
  'cache-control' => 'max-age=0',
)
[ info ] [ PARAM ] array (
)
[ info ] [ RUN ] Method [ <user> public method add ] {
  @@ /Users/zhouweiyong/Code/web/Think5Api/application/admin/controller/News.php 15 - 22
}

[ info ] [ VIEW ] /Users/zhouweiyong/Code/web/Think5Api/public/../application/admin/view/news/add.html [ array (
  0 => 'Config',
) ]
[ info ] [ LOG ] INIT File

---------------------------------------------------------------
[ 2016-10-13T22:56:31+08:00 ] ::1 ::1 GET /index.php/admin/news/add.html
[ log ] localhost:8888/index.php/admin/news/add.html [运行时间：0.037930s][吞吐率：26.36req/s] [内存消耗：2,257.27kb] [文件加载：47]
[ info ] [ ROUTE ] array (
  'type' => 'module',
  'module' => 
  array (
    0 => 'admin',
    1 => 'news',
    2 => 'add',
  ),
)
[ info ] [ HEADER ] array (
  'host' => 'localhost:8888',
  'user-agent' => 'Mozilla/5.0 (Macintosh; Intel Mac OS X 10.12; rv:49.0) Gecko/20100101 Firefox/49.0',
  'accept' => 'text/html,application/xhtml+xml,application/xml;q=0.9,*/*;q=0.8',
  'accept-language' => 'zh-CN,zh;q=0.8,en-US;q=0.5,en;q=0.3',
  'accept-encoding' => 'gzip, deflate',
  'cookie' => 'ace.settings=%7B%22sidebar-collapsed%22%3A-1%7D; ace.settings=%7B%22sidebar-collapsed%22%3A-1%7D; Webstorm-8aea5f95=23434b1f-8580-4344-a5c1-eff1d22687af; CNZZDATA155540=cnzz_eid%3D2136305627-1472045223-%26ntime%3D1476366126; ace.settings=%7B%22sidebar-collapsed%22%3A-1%7D',
  'connection' => 'keep-alive',
  'upgrade-insecure-requests' => '1',
  'cache-control' => 'max-age=0',
)
[ info ] [ PARAM ] array (
)
[ info ] [ RUN ] Method [ <user> public method add ] {
  @@ /Users/zhouweiyong/Code/web/Think5Api/application/admin/controller/News.php 15 - 22
}

[ info ] [ VIEW ] /Users/zhouweiyong/Code/web/Think5Api/public/../application/admin/view/news/add.html [ array (
  0 => 'Config',
) ]
[ info ] [ LOG ] INIT File

---------------------------------------------------------------
[ 2016-10-13T22:56:34+08:00 ] ::1 ::1 GET /index.php/admin/news/add.html
[ log ] localhost:8888/index.php/admin/news/add.html [运行时间：0.031071s][吞吐率：32.18req/s] [内存消耗：2,024.76kb] [文件加载：45]
[ info ] [ ROUTE ] array (
  'type' => 'module',
  'module' => 
  array (
    0 => 'admin',
    1 => 'news',
    2 => 'add',
  ),
)
[ info ] [ HEADER ] array (
  'host' => 'localhost:8888',
  'user-agent' => 'Mozilla/5.0 (Macintosh; Intel Mac OS X 10.12; rv:49.0) Gecko/20100101 Firefox/49.0',
  'accept' => 'text/html,application/xhtml+xml,application/xml;q=0.9,*/*;q=0.8',
  'accept-language' => 'zh-CN,zh;q=0.8,en-US;q=0.5,en;q=0.3',
  'accept-encoding' => 'gzip, deflate',
  'cookie' => 'ace.settings=%7B%22sidebar-collapsed%22%3A-1%7D; ace.settings=%7B%22sidebar-collapsed%22%3A-1%7D; Webstorm-8aea5f95=23434b1f-8580-4344-a5c1-eff1d22687af; CNZZDATA155540=cnzz_eid%3D2136305627-1472045223-%26ntime%3D1476366126; ace.settings=%7B%22sidebar-collapsed%22%3A-1%7D',
  'connection' => 'keep-alive',
  'upgrade-insecure-requests' => '1',
  'cache-control' => 'max-age=0',
)
[ info ] [ PARAM ] array (
)
[ info ] [ RUN ] Method [ <user> public method add ] {
  @@ /Users/zhouweiyong/Code/web/Think5Api/application/admin/controller/News.php 15 - 22
}

[ info ] [ VIEW ] /Users/zhouweiyong/Code/web/Think5Api/public/../application/admin/view/news/add.html [ array (
  0 => 'Config',
) ]
[ info ] [ LOG ] INIT File

---------------------------------------------------------------
[ 2016-10-13T22:57:29+08:00 ] ::1 ::1 GET /index.php/admin/news/add.html
[ log ] localhost:8888/index.php/admin/news/add.html [运行时间：0.049153s][吞吐率：20.34req/s] [内存消耗：2,257.45kb] [文件加载：47]
[ info ] [ ROUTE ] array (
  'type' => 'module',
  'module' => 
  array (
    0 => 'admin',
    1 => 'news',
    2 => 'add',
  ),
)
[ info ] [ HEADER ] array (
  'host' => 'localhost:8888',
  'user-agent' => 'Mozilla/5.0 (Macintosh; Intel Mac OS X 10.12; rv:49.0) Gecko/20100101 Firefox/49.0',
  'accept' => 'text/html,application/xhtml+xml,application/xml;q=0.9,*/*;q=0.8',
  'accept-language' => 'zh-CN,zh;q=0.8,en-US;q=0.5,en;q=0.3',
  'accept-encoding' => 'gzip, deflate',
  'cookie' => 'ace.settings=%7B%22sidebar-collapsed%22%3A-1%7D; ace.settings=%7B%22sidebar-collapsed%22%3A-1%7D; Webstorm-8aea5f95=23434b1f-8580-4344-a5c1-eff1d22687af; CNZZDATA155540=cnzz_eid%3D2136305627-1472045223-%26ntime%3D1476366126; ace.settings=%7B%22sidebar-collapsed%22%3A-1%7D',
  'connection' => 'keep-alive',
  'upgrade-insecure-requests' => '1',
  'cache-control' => 'max-age=0',
)
[ info ] [ PARAM ] array (
)
[ info ] [ RUN ] Method [ <user> public method add ] {
  @@ /Users/zhouweiyong/Code/web/Think5Api/application/admin/controller/News.php 15 - 22
}

[ info ] [ VIEW ] /Users/zhouweiyong/Code/web/Think5Api/public/../application/admin/view/news/add.html [ array (
  0 => 'Config',
) ]
[ info ] [ LOG ] INIT File

---------------------------------------------------------------
[ 2016-10-13T22:59:43+08:00 ] ::1 ::1 GET /index.php/admin/news/add.html
[ log ] localhost:8888/index.php/admin/news/add.html [运行时间：0.037099s][吞吐率：26.95req/s] [内存消耗：2,257.40kb] [文件加载：47]
[ info ] [ ROUTE ] array (
  'type' => 'module',
  'module' => 
  array (
    0 => 'admin',
    1 => 'news',
    2 => 'add',
  ),
)
[ info ] [ HEADER ] array (
  'host' => 'localhost:8888',
  'user-agent' => 'Mozilla/5.0 (Macintosh; Intel Mac OS X 10.12; rv:49.0) Gecko/20100101 Firefox/49.0',
  'accept' => 'text/html,application/xhtml+xml,application/xml;q=0.9,*/*;q=0.8',
  'accept-language' => 'zh-CN,zh;q=0.8,en-US;q=0.5,en;q=0.3',
  'accept-encoding' => 'gzip, deflate',
  'cookie' => 'ace.settings=%7B%22sidebar-collapsed%22%3A-1%7D; ace.settings=%7B%22sidebar-collapsed%22%3A-1%7D; Webstorm-8aea5f95=23434b1f-8580-4344-a5c1-eff1d22687af; CNZZDATA155540=cnzz_eid%3D2136305627-1472045223-%26ntime%3D1476366126; ace.settings=%7B%22sidebar-collapsed%22%3A-1%7D',
  'connection' => 'keep-alive',
  'upgrade-insecure-requests' => '1',
  'cache-control' => 'max-age=0',
)
[ info ] [ PARAM ] array (
)
[ info ] [ RUN ] Method [ <user> public method add ] {
  @@ /Users/zhouweiyong/Code/web/Think5Api/application/admin/controller/News.php 15 - 22
}

[ info ] [ VIEW ] /Users/zhouweiyong/Code/web/Think5Api/public/../application/admin/view/news/add.html [ array (
  0 => 'Config',
) ]
[ info ] [ LOG ] INIT File

---------------------------------------------------------------
[ 2016-10-13T22:59:58+08:00 ] ::1 ::1 GET /index.php/admin/news/add.html
[ log ] localhost:8888/index.php/admin/news/add.html [运行时间：0.036068s][吞吐率：27.73req/s] [内存消耗：2,257.31kb] [文件加载：47]
[ info ] [ ROUTE ] array (
  'type' => 'module',
  'module' => 
  array (
    0 => 'admin',
    1 => 'news',
    2 => 'add',
  ),
)
[ info ] [ HEADER ] array (
  'host' => 'localhost:8888',
  'user-agent' => 'Mozilla/5.0 (Macintosh; Intel Mac OS X 10.12; rv:49.0) Gecko/20100101 Firefox/49.0',
  'accept' => 'text/html,application/xhtml+xml,application/xml;q=0.9,*/*;q=0.8',
  'accept-language' => 'zh-CN,zh;q=0.8,en-US;q=0.5,en;q=0.3',
  'accept-encoding' => 'gzip, deflate',
  'cookie' => 'ace.settings=%7B%22sidebar-collapsed%22%3A-1%7D; ace.settings=%7B%22sidebar-collapsed%22%3A-1%7D; Webstorm-8aea5f95=23434b1f-8580-4344-a5c1-eff1d22687af; CNZZDATA155540=cnzz_eid%3D2136305627-1472045223-%26ntime%3D1476366126; ace.settings=%7B%22sidebar-collapsed%22%3A-1%7D',
  'connection' => 'keep-alive',
  'upgrade-insecure-requests' => '1',
)
[ info ] [ PARAM ] array (
)
[ info ] [ RUN ] Method [ <user> public method add ] {
  @@ /Users/zhouweiyong/Code/web/Think5Api/application/admin/controller/News.php 15 - 22
}

[ info ] [ VIEW ] /Users/zhouweiyong/Code/web/Think5Api/public/../application/admin/view/news/add.html [ array (
  0 => 'Config',
) ]
[ info ] [ LOG ] INIT File

---------------------------------------------------------------
[ 2016-10-13T23:00:03+08:00 ] ::1 ::1 POST /index.php/admin/news/addnews.html
[ log ] localhost:8888/index.php/admin/news/addnews.html [运行时间：0.036294s][吞吐率：27.55req/s] [内存消耗：1,937.16kb] [文件加载：43]
[ info ] [ ROUTE ] array (
  'type' => 'module',
  'module' => 
  array (
    0 => 'admin',
    1 => 'news',
    2 => 'addnews',
  ),
)
[ info ] [ HEADER ] array (
  'host' => 'localhost:8888',
  'user-agent' => 'Mozilla/5.0 (Macintosh; Intel Mac OS X 10.12; rv:49.0) Gecko/20100101 Firefox/49.0',
  'accept' => 'text/html,application/xhtml+xml,application/xml;q=0.9,*/*;q=0.8',
  'accept-language' => 'zh-CN,zh;q=0.8,en-US;q=0.5,en;q=0.3',
  'accept-encoding' => 'gzip, deflate',
  'referer' => 'http://localhost:8888/index.php/admin/news/add.html',
  'cookie' => 'ace.settings=%7B%22sidebar-collapsed%22%3A-1%7D; ace.settings=%7B%22sidebar-collapsed%22%3A-1%7D; Webstorm-8aea5f95=23434b1f-8580-4344-a5c1-eff1d22687af; CNZZDATA155540=cnzz_eid%3D2136305627-1472045223-%26ntime%3D1476366126; ace.settings=%7B%22sidebar-collapsed%22%3A-1%7D',
  'connection' => 'keep-alive',
  'upgrade-insecure-requests' => '1',
  'content-type' => 'application/x-www-form-urlencoded',
  'content-length' => '35',
)
[ info ] [ PARAM ] array (
  'newsTitle' => '',
  'newsAuthor' => '',
  'newsContent' => '',
)
[ info ] [ RUN ] Method [ <user> public method addNews ] {
  @@ /Users/zhouweiyong/Code/web/Think5Api/application/admin/controller/News.php 24 - 26
}

[ info ] [ LOG ] INIT File

---------------------------------------------------------------
[ 2016-10-13T23:04:40+08:00 ] ::1 ::1 GET /docs-assets/ico/favicon.png
[ log ] localhost:8888/docs-assets/ico/favicon.png [运行时间：0.034890s][吞吐率：28.66req/s] [内存消耗：1,679.93kb] [文件加载：38]
[ info ] [ ROUTE ] array (
  'type' => 'module',
  'module' => 
  array (
    0 => 'docs-assets',
    1 => 'ico',
    2 => 'favicon.png',
  ),
)
[ info ] [ HEADER ] array (
  'host' => 'localhost:8888',
  'accept' => '*/*',
  'connection' => 'keep-alive',
  'cookie' => 'SQLiteManager_currentLangue=2; CNZZDATA155540=cnzz_eid%3D1460454944-1472045223-%26ntime%3D1476366126; ace.settings=%7B%22sidebar-collapsed%22%3A-1%7D; Webstorm-8aea5f95=23434b1f-8580-4344-a5c1-eff1d22687af',
  'user-agent' => 'Mozilla/5.0 (Macintosh; Intel Mac OS X 10_12) AppleWebKit/602.1.50 (KHTML, like Gecko) Version/10.0 Safari/602.1.50',
  'accept-language' => 'zh-cn',
  'referer' => 'http://localhost:8888/MAMP/?language=English',
  'accept-encoding' => 'gzip, deflate',
)
[ info ] [ PARAM ] array (
)
[ info ] [ LANG ] /Users/zhouweiyong/Code/web/Think5Api/thinkphp/lang/zh-cn.php
[ info ] [ LOG ] INIT File

---------------------------------------------------------------
[ 2016-10-13T23:22:15+08:00 ] ::1 ::1 GET /index.php/admin/news/add.html
[ log ] localhost:8888/index.php/admin/news/add.html [运行时间：0.030543s][吞吐率：32.74req/s] [内存消耗：2,024.58kb] [文件加载：45]
[ info ] [ ROUTE ] array (
  'type' => 'module',
  'module' => 
  array (
    0 => 'admin',
    1 => 'news',
    2 => 'add',
  ),
)
[ info ] [ HEADER ] array (
  'host' => 'localhost:8888',
  'user-agent' => 'Mozilla/5.0 (Macintosh; Intel Mac OS X 10.12; rv:49.0) Gecko/20100101 Firefox/49.0',
  'accept' => 'text/html,application/xhtml+xml,application/xml;q=0.9,*/*;q=0.8',
  'accept-language' => 'zh-CN,zh;q=0.8,en-US;q=0.5,en;q=0.3',
  'accept-encoding' => 'gzip, deflate',
  'cookie' => 'ace.settings=%7B%22sidebar-collapsed%22%3A-1%7D; ace.settings=%7B%22sidebar-collapsed%22%3A-1%7D; Webstorm-8aea5f95=23434b1f-8580-4344-a5c1-eff1d22687af; CNZZDATA155540=cnzz_eid%3D2136305627-1472045223-%26ntime%3D1476366126; ace.settings=%7B%22sidebar-collapsed%22%3A-1%7D',
  'connection' => 'keep-alive',
  'upgrade-insecure-requests' => '1',
)
[ info ] [ PARAM ] array (
)
[ info ] [ RUN ] Method [ <user> public method add ] {
  @@ /Users/zhouweiyong/Code/web/Think5Api/application/admin/controller/News.php 15 - 22
}

[ info ] [ VIEW ] /Users/zhouweiyong/Code/web/Think5Api/public/../application/admin/view/news/add.html [ array (
  0 => 'Config',
) ]
[ info ] [ LOG ] INIT File

---------------------------------------------------------------
[ 2016-10-13T23:23:35+08:00 ] ::1 ::1 POST /index.php/admin/news/addnews.html
[ log ] localhost:8888/index.php/admin/news/addnews.html [运行时间：0.028497s][吞吐率：35.09req/s] [内存消耗：1,937.34kb] [文件加载：43]
[ info ] [ ROUTE ] array (
  'type' => 'module',
  'module' => 
  array (
    0 => 'admin',
    1 => 'news',
    2 => 'addnews',
  ),
)
[ info ] [ HEADER ] array (
  'host' => 'localhost:8888',
  'user-agent' => 'Mozilla/5.0 (Macintosh; Intel Mac OS X 10.12; rv:49.0) Gecko/20100101 Firefox/49.0',
  'accept' => 'text/html,application/xhtml+xml,application/xml;q=0.9,*/*;q=0.8',
  'accept-language' => 'zh-CN,zh;q=0.8,en-US;q=0.5,en;q=0.3',
  'accept-encoding' => 'gzip, deflate',
  'referer' => 'http://localhost:8888/index.php/admin/news/add.html',
  'cookie' => 'ace.settings=%7B%22sidebar-collapsed%22%3A-1%7D; ace.settings=%7B%22sidebar-collapsed%22%3A-1%7D; Webstorm-8aea5f95=23434b1f-8580-4344-a5c1-eff1d22687af; CNZZDATA155540=cnzz_eid%3D2136305627-1472045223-%26ntime%3D1476371527; ace.settings=%7B%22sidebar-collapsed%22%3A-1%7D',
  'connection' => 'keep-alive',
  'upgrade-insecure-requests' => '1',
  'content-type' => 'application/x-www-form-urlencoded',
  'content-length' => '35',
)
[ info ] [ PARAM ] array (
  'newsTitle' => '',
  'newsAuthor' => '',
  'newsContent' => '',
)
[ info ] [ RUN ] Method [ <user> public method addNews ] {
  @@ /Users/zhouweiyong/Code/web/Think5Api/application/admin/controller/News.php 24 - 26
}

[ info ] [ LOG ] INIT File

---------------------------------------------------------------
[ 2016-10-13T23:33:49+08:00 ] ::1 ::1 GET /index.php/admin/n
[ log ] localhost:8888/index.php/admin/n [运行时间：0.029867s][吞吐率：33.48req/s] [内存消耗：1,703.36kb] [文件加载：41]
[ info ] [ ROUTE ] array (
  'type' => 'module',
  'module' => 
  array (
    0 => 'admin',
    1 => 'n',
    2 => NULL,
  ),
)
[ info ] [ HEADER ] array (
  'host' => 'localhost:8888',
  'user-agent' => 'Mozilla/5.0 (Macintosh; Intel Mac OS X 10.12; rv:49.0) Gecko/20100101 Firefox/49.0',
  'accept' => 'text/html,application/xhtml+xml,application/xml;q=0.9,*/*;q=0.8',
  'accept-language' => 'zh-CN,zh;q=0.8,en-US;q=0.5,en;q=0.3',
  'accept-encoding' => 'gzip, deflate',
  'cookie' => 'ace.settings=%7B%22sidebar-collapsed%22%3A-1%7D; Webstorm-8aea5f95=23434b1f-8580-4344-a5c1-eff1d22687af; CNZZDATA155540=cnzz_eid%3D2136305627-1472045223-%26ntime%3D1476371527; ace.settings=%7B%22sidebar-collapsed%22%3A-1%7D',
  'connection' => 'keep-alive',
  'upgrade-insecure-requests' => '1',
)
[ info ] [ PARAM ] array (
)
[ info ] [ LANG ] /Users/zhouweiyong/Code/web/Think5Api/thinkphp/lang/zh-cn.php
[ info ] [ LOG ] INIT File

---------------------------------------------------------------
[ 2016-10-13T23:33:52+08:00 ] ::1 ::1 GET /index.php/admin/
[ log ] localhost:8888/index.php/admin/ [运行时间：0.030133s][吞吐率：33.19req/s] [内存消耗：2,019.52kb] [文件加载：45]
[ info ] [ ROUTE ] array (
  'type' => 'module',
  'module' => 
  array (
    0 => 'admin',
    1 => NULL,
    2 => NULL,
  ),
)
[ info ] [ HEADER ] array (
  'host' => 'localhost:8888',
  'user-agent' => 'Mozilla/5.0 (Macintosh; Intel Mac OS X 10.12; rv:49.0) Gecko/20100101 Firefox/49.0',
  'accept' => 'text/html,application/xhtml+xml,application/xml;q=0.9,*/*;q=0.8',
  'accept-language' => 'zh-CN,zh;q=0.8,en-US;q=0.5,en;q=0.3',
  'accept-encoding' => 'gzip, deflate',
  'cookie' => 'ace.settings=%7B%22sidebar-collapsed%22%3A-1%7D; Webstorm-8aea5f95=23434b1f-8580-4344-a5c1-eff1d22687af; CNZZDATA155540=cnzz_eid%3D2136305627-1472045223-%26ntime%3D1476371527; ace.settings=%7B%22sidebar-collapsed%22%3A-1%7D; think_var=zh-cn',
  'connection' => 'keep-alive',
  'upgrade-insecure-requests' => '1',
)
[ info ] [ PARAM ] array (
)
[ info ] [ RUN ] Method [ <user> public method index ] {
  @@ /Users/zhouweiyong/Code/web/Think5Api/application/admin/controller/IndexController.php 17 - 25
}

[ info ] [ VIEW ] /Users/zhouweiyong/Code/web/Think5Api/public/../application/admin/view/index/index.html [ array (
  0 => 'Config',
) ]
[ info ] [ LOG ] INIT File

---------------------------------------------------------------
[ 2016-10-13T23:34:00+08:00 ] ::1 ::1 GET /index.php/admin/index/index.html
[ log ] localhost:8888/index.php/admin/index/index.html [运行时间：0.029622s][吞吐率：33.76req/s] [内存消耗：2,020.10kb] [文件加载：45]
[ info ] [ ROUTE ] array (
  'type' => 'module',
  'module' => 
  array (
    0 => 'admin',
    1 => 'index',
    2 => 'index',
  ),
)
[ info ] [ HEADER ] array (
  'host' => 'localhost:8888',
  'user-agent' => 'Mozilla/5.0 (Macintosh; Intel Mac OS X 10.12; rv:49.0) Gecko/20100101 Firefox/49.0',
  'accept' => 'text/html,application/xhtml+xml,application/xml;q=0.9,*/*;q=0.8',
  'accept-language' => 'zh-CN,zh;q=0.8,en-US;q=0.5,en;q=0.3',
  'accept-encoding' => 'gzip, deflate',
  'referer' => 'http://localhost:8888/index.php/admin/',
  'cookie' => 'ace.settings=%7B%22sidebar-collapsed%22%3A-1%7D; Webstorm-8aea5f95=23434b1f-8580-4344-a5c1-eff1d22687af; CNZZDATA155540=cnzz_eid%3D2136305627-1472045223-%26ntime%3D1476371527; ace.settings=%7B%22sidebar-collapsed%22%3A-1%7D; think_var=zh-cn',
  'connection' => 'keep-alive',
  'upgrade-insecure-requests' => '1',
)
[ info ] [ PARAM ] array (
)
[ info ] [ RUN ] Method [ <user> public method index ] {
  @@ /Users/zhouweiyong/Code/web/Think5Api/application/admin/controller/IndexController.php 17 - 25
}

[ info ] [ VIEW ] /Users/zhouweiyong/Code/web/Think5Api/public/../application/admin/view/index/index.html [ array (
  0 => 'Config',
) ]
[ info ] [ LOG ] INIT File

---------------------------------------------------------------
[ 2016-10-13T23:34:04+08:00 ] ::1 ::1 GET /index.php/admin/account/show.html
[ log ] localhost:8888/index.php/admin/account/show.html [运行时间：0.027431s][吞吐率：36.46req/s] [内存消耗：1,702.65kb] [文件加载：41]
[ info ] [ ROUTE ] array (
  'type' => 'module',
  'module' => 
  array (
    0 => 'admin',
    1 => 'account',
    2 => 'show',
  ),
)
[ info ] [ HEADER ] array (
  'host' => 'localhost:8888',
  'user-agent' => 'Mozilla/5.0 (Macintosh; Intel Mac OS X 10.12; rv:49.0) Gecko/20100101 Firefox/49.0',
  'accept' => 'text/html,application/xhtml+xml,application/xml;q=0.9,*/*;q=0.8',
  'accept-language' => 'zh-CN,zh;q=0.8,en-US;q=0.5,en;q=0.3',
  'accept-encoding' => 'gzip, deflate',
  'referer' => 'http://localhost:8888/index.php/admin/index/index.html',
  'cookie' => 'ace.settings=%7B%22sidebar-collapsed%22%3A-1%7D; Webstorm-8aea5f95=23434b1f-8580-4344-a5c1-eff1d22687af; CNZZDATA155540=cnzz_eid%3D2136305627-1472045223-%26ntime%3D1476371527; ace.settings=%7B%22sidebar-collapsed%22%3A-1%7D; think_var=zh-cn',
  'connection' => 'keep-alive',
  'upgrade-insecure-requests' => '1',
)
[ info ] [ PARAM ] array (
)
[ info ] [ LANG ] /Users/zhouweiyong/Code/web/Think5Api/thinkphp/lang/zh-cn.php
[ info ] [ LOG ] INIT File

---------------------------------------------------------------
[ 2016-10-13T23:34:25+08:00 ] ::1 ::1 GET /index.php/admin/index/index.html
[ log ] localhost:8888/index.php/admin/index/index.html [运行时间：0.035351s][吞吐率：28.29req/s] [内存消耗：2,020.12kb] [文件加载：45]
[ info ] [ ROUTE ] array (
  'type' => 'module',
  'module' => 
  array (
    0 => 'admin',
    1 => 'index',
    2 => 'index',
  ),
)
[ info ] [ HEADER ] array (
  'host' => 'localhost:8888',
  'user-agent' => 'Mozilla/5.0 (Macintosh; Intel Mac OS X 10.12; rv:49.0) Gecko/20100101 Firefox/49.0',
  'accept' => 'text/html,application/xhtml+xml,application/xml;q=0.9,*/*;q=0.8',
  'accept-language' => 'zh-CN,zh;q=0.8,en-US;q=0.5,en;q=0.3',
  'accept-encoding' => 'gzip, deflate',
  'referer' => 'http://localhost:8888/index.php/admin/index/index.html',
  'cookie' => 'ace.settings=%7B%22sidebar-collapsed%22%3A-1%7D; Webstorm-8aea5f95=23434b1f-8580-4344-a5c1-eff1d22687af; CNZZDATA155540=cnzz_eid%3D2136305627-1472045223-%26ntime%3D1476371527; ace.settings=%7B%22sidebar-collapsed%22%3A-1%7D; think_var=zh-cn',
  'connection' => 'keep-alive',
  'upgrade-insecure-requests' => '1',
)
[ info ] [ PARAM ] array (
)
[ info ] [ RUN ] Method [ <user> public method index ] {
  @@ /Users/zhouweiyong/Code/web/Think5Api/application/admin/controller/IndexController.php 17 - 25
}

[ info ] [ VIEW ] /Users/zhouweiyong/Code/web/Think5Api/public/../application/admin/view/index/index.html [ array (
  0 => 'Config',
) ]
[ info ] [ LOG ] INIT File

---------------------------------------------------------------
[ 2016-10-13T23:34:27+08:00 ] ::1 ::1 GET /index.php/admin/account/show.html
[ log ] localhost:8888/index.php/admin/account/show.html [运行时间：0.028905s][吞吐率：34.60req/s] [内存消耗：2,024.24kb] [文件加载：45]
[ info ] [ ROUTE ] array (
  'type' => 'module',
  'module' => 
  array (
    0 => 'admin',
    1 => 'account',
    2 => 'show',
  ),
)
[ info ] [ HEADER ] array (
  'host' => 'localhost:8888',
  'user-agent' => 'Mozilla/5.0 (Macintosh; Intel Mac OS X 10.12; rv:49.0) Gecko/20100101 Firefox/49.0',
  'accept' => 'text/html,application/xhtml+xml,application/xml;q=0.9,*/*;q=0.8',
  'accept-language' => 'zh-CN,zh;q=0.8,en-US;q=0.5,en;q=0.3',
  'accept-encoding' => 'gzip, deflate',
  'referer' => 'http://localhost:8888/index.php/admin/index/index.html',
  'cookie' => 'ace.settings=%7B%22sidebar-collapsed%22%3A-1%7D; Webstorm-8aea5f95=23434b1f-8580-4344-a5c1-eff1d22687af; CNZZDATA155540=cnzz_eid%3D2136305627-1472045223-%26ntime%3D1476371527; ace.settings=%7B%22sidebar-collapsed%22%3A-1%7D; think_var=zh-cn',
  'connection' => 'keep-alive',
  'upgrade-insecure-requests' => '1',
)
[ info ] [ PARAM ] array (
)
[ info ] [ RUN ] Method [ <user> public method show ] {
  @@ /Users/zhouweiyong/Code/web/Think5Api/application/admin/controller/AccountController.php 28 - 35
}

[ info ] [ VIEW ] /Users/zhouweiyong/Code/web/Think5Api/public/../application/admin/view/account/show.html [ array (
  0 => 'Config',
) ]
[ info ] [ LOG ] INIT File

---------------------------------------------------------------
[ 2016-10-13T23:34:29+08:00 ] ::1 ::1 GET /index.php/admin/account/add.html
[ log ] localhost:8888/index.php/admin/account/add.html [运行时间：0.028773s][吞吐率：34.75req/s] [内存消耗：2,024.30kb] [文件加载：45]
[ info ] [ ROUTE ] array (
  'type' => 'module',
  'module' => 
  array (
    0 => 'admin',
    1 => 'account',
    2 => 'add',
  ),
)
[ info ] [ HEADER ] array (
  'host' => 'localhost:8888',
  'user-agent' => 'Mozilla/5.0 (Macintosh; Intel Mac OS X 10.12; rv:49.0) Gecko/20100101 Firefox/49.0',
  'accept' => 'text/html,application/xhtml+xml,application/xml;q=0.9,*/*;q=0.8',
  'accept-language' => 'zh-CN,zh;q=0.8,en-US;q=0.5,en;q=0.3',
  'accept-encoding' => 'gzip, deflate',
  'referer' => 'http://localhost:8888/index.php/admin/account/show.html',
  'cookie' => 'ace.settings=%7B%22sidebar-collapsed%22%3A-1%7D; Webstorm-8aea5f95=23434b1f-8580-4344-a5c1-eff1d22687af; CNZZDATA155540=cnzz_eid%3D2136305627-1472045223-%26ntime%3D1476371527; ace.settings=%7B%22sidebar-collapsed%22%3A-1%7D; think_var=zh-cn',
  'connection' => 'keep-alive',
  'upgrade-insecure-requests' => '1',
)
[ info ] [ PARAM ] array (
)
[ info ] [ RUN ] Method [ <user> public method add ] {
  @@ /Users/zhouweiyong/Code/web/Think5Api/application/admin/controller/AccountController.php 19 - 26
}

[ info ] [ VIEW ] /Users/zhouweiyong/Code/web/Think5Api/public/../application/admin/view/account/add.html [ array (
  0 => 'Config',
) ]
[ info ] [ LOG ] INIT File

---------------------------------------------------------------
[ 2016-10-13T23:34:30+08:00 ] ::1 ::1 GET /index.php/admin/product/show.html
[ log ] localhost:8888/index.php/admin/product/show.html [运行时间：0.027858s][吞吐率：35.90req/s] [内存消耗：2,024.40kb] [文件加载：45]
[ info ] [ ROUTE ] array (
  'type' => 'module',
  'module' => 
  array (
    0 => 'admin',
    1 => 'product',
    2 => 'show',
  ),
)
[ info ] [ HEADER ] array (
  'host' => 'localhost:8888',
  'user-agent' => 'Mozilla/5.0 (Macintosh; Intel Mac OS X 10.12; rv:49.0) Gecko/20100101 Firefox/49.0',
  'accept' => 'text/html,application/xhtml+xml,application/xml;q=0.9,*/*;q=0.8',
  'accept-language' => 'zh-CN,zh;q=0.8,en-US;q=0.5,en;q=0.3',
  'accept-encoding' => 'gzip, deflate',
  'referer' => 'http://localhost:8888/index.php/admin/account/add.html',
  'cookie' => 'ace.settings=%7B%22sidebar-collapsed%22%3A-1%7D; ace.settings=%7B%22sidebar-collapsed%22%3A-1%7D; Webstorm-8aea5f95=23434b1f-8580-4344-a5c1-eff1d22687af; CNZZDATA155540=cnzz_eid%3D2136305627-1472045223-%26ntime%3D1476371527; ace.settings=%7B%22sidebar-collapsed%22%3A-1%7D; think_var=zh-cn',
  'connection' => 'keep-alive',
  'upgrade-insecure-requests' => '1',
)
[ info ] [ PARAM ] array (
)
[ info ] [ RUN ] Method [ <user> public method show ] {
  @@ /Users/zhouweiyong/Code/web/Think5Api/application/admin/controller/ProductController.php 16 - 23
}

[ info ] [ VIEW ] /Users/zhouweiyong/Code/web/Think5Api/public/../application/admin/view/product/show.html [ array (
  0 => 'Config',
) ]
[ info ] [ LOG ] INIT File

---------------------------------------------------------------
[ 2016-10-13T23:34:31+08:00 ] ::1 ::1 GET /index.php/admin/introl/about.html
[ log ] localhost:8888/index.php/admin/introl/about.html [运行时间：0.029239s][吞吐率：34.20req/s] [内存消耗：1,702.77kb] [文件加载：41]
[ info ] [ ROUTE ] array (
  'type' => 'module',
  'module' => 
  array (
    0 => 'admin',
    1 => 'introl',
    2 => 'about',
  ),
)
[ info ] [ HEADER ] array (
  'host' => 'localhost:8888',
  'user-agent' => 'Mozilla/5.0 (Macintosh; Intel Mac OS X 10.12; rv:49.0) Gecko/20100101 Firefox/49.0',
  'accept' => 'text/html,application/xhtml+xml,application/xml;q=0.9,*/*;q=0.8',
  'accept-language' => 'zh-CN,zh;q=0.8,en-US;q=0.5,en;q=0.3',
  'accept-encoding' => 'gzip, deflate',
  'referer' => 'http://localhost:8888/index.php/admin/product/show.html',
  'cookie' => 'ace.settings=%7B%22sidebar-collapsed%22%3A-1%7D; Webstorm-8aea5f95=23434b1f-8580-4344-a5c1-eff1d22687af; CNZZDATA155540=cnzz_eid%3D2136305627-1472045223-%26ntime%3D1476371527; ace.settings=%7B%22sidebar-collapsed%22%3A-1%7D; think_var=zh-cn',
  'connection' => 'keep-alive',
  'upgrade-insecure-requests' => '1',
)
[ info ] [ PARAM ] array (
)
[ info ] [ LANG ] /Users/zhouweiyong/Code/web/Think5Api/thinkphp/lang/zh-cn.php
[ info ] [ LOG ] INIT File

---------------------------------------------------------------
[ 2016-10-13T23:34:38+08:00 ] ::1 ::1 GET /index.php/admin/product/show.html
[ log ] localhost:8888/index.php/admin/product/show.html [运行时间：0.028324s][吞吐率：35.31req/s] [内存消耗：2,024.37kb] [文件加载：45]
[ info ] [ ROUTE ] array (
  'type' => 'module',
  'module' => 
  array (
    0 => 'admin',
    1 => 'product',
    2 => 'show',
  ),
)
[ info ] [ HEADER ] array (
  'host' => 'localhost:8888',
  'user-agent' => 'Mozilla/5.0 (Macintosh; Intel Mac OS X 10.12; rv:49.0) Gecko/20100101 Firefox/49.0',
  'accept' => 'text/html,application/xhtml+xml,application/xml;q=0.9,*/*;q=0.8',
  'accept-language' => 'zh-CN,zh;q=0.8,en-US;q=0.5,en;q=0.3',
  'accept-encoding' => 'gzip, deflate',
  'referer' => 'http://localhost:8888/index.php/admin/product/show.html',
  'cookie' => 'ace.settings=%7B%22sidebar-collapsed%22%3A-1%7D; ace.settings=%7B%22sidebar-collapsed%22%3A-1%7D; Webstorm-8aea5f95=23434b1f-8580-4344-a5c1-eff1d22687af; CNZZDATA155540=cnzz_eid%3D2136305627-1472045223-%26ntime%3D1476371527; ace.settings=%7B%22sidebar-collapsed%22%3A-1%7D; think_var=zh-cn',
  'connection' => 'keep-alive',
  'upgrade-insecure-requests' => '1',
)
[ info ] [ PARAM ] array (
)
[ info ] [ RUN ] Method [ <user> public method show ] {
  @@ /Users/zhouweiyong/Code/web/Think5Api/application/admin/controller/ProductController.php 16 - 23
}

[ info ] [ VIEW ] /Users/zhouweiyong/Code/web/Think5Api/public/../application/admin/view/product/show.html [ array (
  0 => 'Config',
) ]
[ info ] [ LOG ] INIT File

---------------------------------------------------------------
[ 2016-10-13T23:34:53+08:00 ] ::1 ::1 GET /index.php/admin/product/add.html
[ log ] localhost:8888/index.php/admin/product/add.html [运行时间：0.030166s][吞吐率：33.15req/s] [内存消耗：2,024.34kb] [文件加载：45]
[ info ] [ ROUTE ] array (
  'type' => 'module',
  'module' => 
  array (
    0 => 'admin',
    1 => 'product',
    2 => 'add',
  ),
)
[ info ] [ HEADER ] array (
  'host' => 'localhost:8888',
  'user-agent' => 'Mozilla/5.0 (Macintosh; Intel Mac OS X 10.12; rv:49.0) Gecko/20100101 Firefox/49.0',
  'accept' => 'text/html,application/xhtml+xml,application/xml;q=0.9,*/*;q=0.8',
  'accept-language' => 'zh-CN,zh;q=0.8,en-US;q=0.5,en;q=0.3',
  'accept-encoding' => 'gzip, deflate',
  'referer' => 'http://localhost:8888/index.php/admin/product/show.html',
  'cookie' => 'ace.settings=%7B%22sidebar-collapsed%22%3A-1%7D; ace.settings=%7B%22sidebar-collapsed%22%3A-1%7D; Webstorm-8aea5f95=23434b1f-8580-4344-a5c1-eff1d22687af; CNZZDATA155540=cnzz_eid%3D2136305627-1472045223-%26ntime%3D1476371527; ace.settings=%7B%22sidebar-collapsed%22%3A-1%7D; think_var=zh-cn',
  'connection' => 'keep-alive',
  'upgrade-insecure-requests' => '1',
)
[ info ] [ PARAM ] array (
)
[ info ] [ RUN ] Method [ <user> public method add ] {
  @@ /Users/zhouweiyong/Code/web/Think5Api/application/admin/controller/ProductController.php 26 - 33
}

[ info ] [ VIEW ] /Users/zhouweiyong/Code/web/Think5Api/public/../application/admin/view/product/add.html [ array (
  0 => 'Config',
) ]
[ info ] [ LOG ] INIT File

---------------------------------------------------------------
[ 2016-10-13T23:34:55+08:00 ] ::1 ::1 GET /index.php/admin/product/add.html
[ log ] localhost:8888/index.php/admin/product/add.html [运行时间：0.028512s][吞吐率：35.07req/s] [内存消耗：2,024.46kb] [文件加载：45]
[ info ] [ ROUTE ] array (
  'type' => 'module',
  'module' => 
  array (
    0 => 'admin',
    1 => 'product',
    2 => 'add',
  ),
)
[ info ] [ HEADER ] array (
  'host' => 'localhost:8888',
  'user-agent' => 'Mozilla/5.0 (Macintosh; Intel Mac OS X 10.12; rv:49.0) Gecko/20100101 Firefox/49.0',
  'accept' => 'text/html,application/xhtml+xml,application/xml;q=0.9,*/*;q=0.8',
  'accept-language' => 'zh-CN,zh;q=0.8,en-US;q=0.5,en;q=0.3',
  'accept-encoding' => 'gzip, deflate',
  'referer' => 'http://localhost:8888/index.php/admin/product/add.html',
  'cookie' => 'ace.settings=%7B%22sidebar-collapsed%22%3A-1%7D; ace.settings=%7B%22sidebar-collapsed%22%3A-1%7D; Webstorm-8aea5f95=23434b1f-8580-4344-a5c1-eff1d22687af; CNZZDATA155540=cnzz_eid%3D2136305627-1472045223-%26ntime%3D1476371527; ace.settings=%7B%22sidebar-collapsed%22%3A-1%7D; think_var=zh-cn',
  'connection' => 'keep-alive',
  'upgrade-insecure-requests' => '1',
)
[ info ] [ PARAM ] array (
)
[ info ] [ RUN ] Method [ <user> public method add ] {
  @@ /Users/zhouweiyong/Code/web/Think5Api/application/admin/controller/ProductController.php 26 - 33
}

[ info ] [ VIEW ] /Users/zhouweiyong/Code/web/Think5Api/public/../application/admin/view/product/add.html [ array (
  0 => 'Config',
) ]
[ info ] [ LOG ] INIT File

---------------------------------------------------------------
[ 2016-10-13T23:34:56+08:00 ] ::1 ::1 GET /index.php/admin/product/add.html
[ log ] localhost:8888/index.php/admin/product/add.html [运行时间：0.025711s][吞吐率：38.89req/s] [内存消耗：2,024.46kb] [文件加载：45]
[ info ] [ ROUTE ] array (
  'type' => 'module',
  'module' => 
  array (
    0 => 'admin',
    1 => 'product',
    2 => 'add',
  ),
)
[ info ] [ HEADER ] array (
  'host' => 'localhost:8888',
  'user-agent' => 'Mozilla/5.0 (Macintosh; Intel Mac OS X 10.12; rv:49.0) Gecko/20100101 Firefox/49.0',
  'accept' => 'text/html,application/xhtml+xml,application/xml;q=0.9,*/*;q=0.8',
  'accept-language' => 'zh-CN,zh;q=0.8,en-US;q=0.5,en;q=0.3',
  'accept-encoding' => 'gzip, deflate',
  'referer' => 'http://localhost:8888/index.php/admin/product/add.html',
  'cookie' => 'ace.settings=%7B%22sidebar-collapsed%22%3A-1%7D; ace.settings=%7B%22sidebar-collapsed%22%3A-1%7D; Webstorm-8aea5f95=23434b1f-8580-4344-a5c1-eff1d22687af; CNZZDATA155540=cnzz_eid%3D2136305627-1472045223-%26ntime%3D1476371527; ace.settings=%7B%22sidebar-collapsed%22%3A-1%7D; think_var=zh-cn',
  'connection' => 'keep-alive',
  'upgrade-insecure-requests' => '1',
)
[ info ] [ PARAM ] array (
)
[ info ] [ RUN ] Method [ <user> public method add ] {
  @@ /Users/zhouweiyong/Code/web/Think5Api/application/admin/controller/ProductController.php 26 - 33
}

[ info ] [ VIEW ] /Users/zhouweiyong/Code/web/Think5Api/public/../application/admin/view/product/add.html [ array (
  0 => 'Config',
) ]
[ info ] [ LOG ] INIT File

---------------------------------------------------------------
[ 2016-10-13T23:34:58+08:00 ] ::1 ::1 GET /index.php/admin/product/show.html
[ log ] localhost:8888/index.php/admin/product/show.html [运行时间：0.039999s][吞吐率：25.00req/s] [内存消耗：2,024.40kb] [文件加载：45]
[ info ] [ ROUTE ] array (
  'type' => 'module',
  'module' => 
  array (
    0 => 'admin',
    1 => 'product',
    2 => 'show',
  ),
)
[ info ] [ HEADER ] array (
  'host' => 'localhost:8888',
  'user-agent' => 'Mozilla/5.0 (Macintosh; Intel Mac OS X 10.12; rv:49.0) Gecko/20100101 Firefox/49.0',
  'accept' => 'text/html,application/xhtml+xml,application/xml;q=0.9,*/*;q=0.8',
  'accept-language' => 'zh-CN,zh;q=0.8,en-US;q=0.5,en;q=0.3',
  'accept-encoding' => 'gzip, deflate',
  'referer' => 'http://localhost:8888/index.php/admin/product/add.html',
  'cookie' => 'ace.settings=%7B%22sidebar-collapsed%22%3A-1%7D; ace.settings=%7B%22sidebar-collapsed%22%3A-1%7D; Webstorm-8aea5f95=23434b1f-8580-4344-a5c1-eff1d22687af; CNZZDATA155540=cnzz_eid%3D2136305627-1472045223-%26ntime%3D1476371527; ace.settings=%7B%22sidebar-collapsed%22%3A-1%7D; think_var=zh-cn',
  'connection' => 'keep-alive',
  'upgrade-insecure-requests' => '1',
)
[ info ] [ PARAM ] array (
)
[ info ] [ RUN ] Method [ <user> public method show ] {
  @@ /Users/zhouweiyong/Code/web/Think5Api/application/admin/controller/ProductController.php 16 - 23
}

[ info ] [ VIEW ] /Users/zhouweiyong/Code/web/Think5Api/public/../application/admin/view/product/show.html [ array (
  0 => 'Config',
) ]
[ info ] [ LOG ] INIT File

---------------------------------------------------------------
[ 2016-10-13T23:34:59+08:00 ] ::1 ::1 GET /index.php/admin/product/add.html
[ log ] localhost:8888/index.php/admin/product/add.html [运行时间：0.029643s][吞吐率：33.73req/s] [内存消耗：2,024.46kb] [文件加载：45]
[ info ] [ ROUTE ] array (
  'type' => 'module',
  'module' => 
  array (
    0 => 'admin',
    1 => 'product',
    2 => 'add',
  ),
)
[ info ] [ HEADER ] array (
  'host' => 'localhost:8888',
  'user-agent' => 'Mozilla/5.0 (Macintosh; Intel Mac OS X 10.12; rv:49.0) Gecko/20100101 Firefox/49.0',
  'accept' => 'text/html,application/xhtml+xml,application/xml;q=0.9,*/*;q=0.8',
  'accept-language' => 'zh-CN,zh;q=0.8,en-US;q=0.5,en;q=0.3',
  'accept-encoding' => 'gzip, deflate',
  'referer' => 'http://localhost:8888/index.php/admin/product/show.html',
  'cookie' => 'ace.settings=%7B%22sidebar-collapsed%22%3A-1%7D; ace.settings=%7B%22sidebar-collapsed%22%3A-1%7D; Webstorm-8aea5f95=23434b1f-8580-4344-a5c1-eff1d22687af; CNZZDATA155540=cnzz_eid%3D2136305627-1472045223-%26ntime%3D1476371527; ace.settings=%7B%22sidebar-collapsed%22%3A-1%7D; think_var=zh-cn',
  'connection' => 'keep-alive',
  'upgrade-insecure-requests' => '1',
)
[ info ] [ PARAM ] array (
)
[ info ] [ RUN ] Method [ <user> public method add ] {
  @@ /Users/zhouweiyong/Code/web/Think5Api/application/admin/controller/ProductController.php 26 - 33
}

[ info ] [ VIEW ] /Users/zhouweiyong/Code/web/Think5Api/public/../application/admin/view/product/add.html [ array (
  0 => 'Config',
) ]
[ info ] [ LOG ] INIT File

---------------------------------------------------------------
[ 2016-10-13T23:35:02+08:00 ] ::1 ::1 GET /index.php/admin/news/show.html
[ log ] localhost:8888/index.php/admin/news/show.html [运行时间：0.025684s][吞吐率：38.93req/s] [内存消耗：2,024.95kb] [文件加载：45]
[ info ] [ ROUTE ] array (
  'type' => 'module',
  'module' => 
  array (
    0 => 'admin',
    1 => 'news',
    2 => 'show',
  ),
)
[ info ] [ HEADER ] array (
  'host' => 'localhost:8888',
  'user-agent' => 'Mozilla/5.0 (Macintosh; Intel Mac OS X 10.12; rv:49.0) Gecko/20100101 Firefox/49.0',
  'accept' => 'text/html,application/xhtml+xml,application/xml;q=0.9,*/*;q=0.8',
  'accept-language' => 'zh-CN,zh;q=0.8,en-US;q=0.5,en;q=0.3',
  'accept-encoding' => 'gzip, deflate',
  'referer' => 'http://localhost:8888/index.php/admin/product/add.html',
  'cookie' => 'ace.settings=%7B%22sidebar-collapsed%22%3A-1%7D; ace.settings=%7B%22sidebar-collapsed%22%3A-1%7D; Webstorm-8aea5f95=23434b1f-8580-4344-a5c1-eff1d22687af; CNZZDATA155540=cnzz_eid%3D2136305627-1472045223-%26ntime%3D1476371527; ace.settings=%7B%22sidebar-collapsed%22%3A-1%7D; think_var=zh-cn',
  'connection' => 'keep-alive',
  'upgrade-insecure-requests' => '1',
)
[ info ] [ PARAM ] array (
)
[ info ] [ RUN ] Method [ <user> public method show ] {
  @@ /Users/zhouweiyong/Code/web/Think5Api/application/admin/controller/NewsController.php 28 - 35
}

[ info ] [ VIEW ] /Users/zhouweiyong/Code/web/Think5Api/public/../application/admin/view/news/show.html [ array (
  0 => 'Config',
) ]
[ info ] [ LOG ] INIT File

---------------------------------------------------------------
[ 2016-10-13T23:35:05+08:00 ] ::1 ::1 GET /index.php/admin/news/add.html
[ log ] localhost:8888/index.php/admin/news/add.html [运行时间：0.026245s][吞吐率：38.10req/s] [内存消耗：2,024.93kb] [文件加载：45]
[ info ] [ ROUTE ] array (
  'type' => 'module',
  'module' => 
  array (
    0 => 'admin',
    1 => 'news',
    2 => 'add',
  ),
)
[ info ] [ HEADER ] array (
  'host' => 'localhost:8888',
  'user-agent' => 'Mozilla/5.0 (Macintosh; Intel Mac OS X 10.12; rv:49.0) Gecko/20100101 Firefox/49.0',
  'accept' => 'text/html,application/xhtml+xml,application/xml;q=0.9,*/*;q=0.8',
  'accept-language' => 'zh-CN,zh;q=0.8,en-US;q=0.5,en;q=0.3',
  'accept-encoding' => 'gzip, deflate',
  'referer' => 'http://localhost:8888/index.php/admin/news/show.html',
  'cookie' => 'ace.settings=%7B%22sidebar-collapsed%22%3A-1%7D; ace.settings=%7B%22sidebar-collapsed%22%3A-1%7D; Webstorm-8aea5f95=23434b1f-8580-4344-a5c1-eff1d22687af; CNZZDATA155540=cnzz_eid%3D2136305627-1472045223-%26ntime%3D1476371527; ace.settings=%7B%22sidebar-collapsed%22%3A-1%7D; think_var=zh-cn',
  'connection' => 'keep-alive',
  'upgrade-insecure-requests' => '1',
)
[ info ] [ PARAM ] array (
)
[ info ] [ RUN ] Method [ <user> public method add ] {
  @@ /Users/zhouweiyong/Code/web/Think5Api/application/admin/controller/NewsController.php 15 - 22
}

[ info ] [ VIEW ] /Users/zhouweiyong/Code/web/Think5Api/public/../application/admin/view/news/add.html [ array (
  0 => 'Config',
) ]
[ info ] [ LOG ] INIT File

---------------------------------------------------------------
[ 2016-10-13T23:50:47+08:00 ] ::1 ::1 GET /index.php/admin/news/add.html
[ log ] localhost:8888/index.php/admin/news/add.html [运行时间：0.033979s][吞吐率：29.43req/s] [内存消耗：2,024.85kb] [文件加载：45]
[ info ] [ ROUTE ] array (
  'type' => 'module',
  'module' => 
  array (
    0 => 'admin',
    1 => 'news',
    2 => 'add',
  ),
)
[ info ] [ HEADER ] array (
  'host' => 'localhost:8888',
  'user-agent' => 'Mozilla/5.0 (Macintosh; Intel Mac OS X 10.12; rv:49.0) Gecko/20100101 Firefox/49.0',
  'accept' => 'text/html,application/xhtml+xml,application/xml;q=0.9,*/*;q=0.8',
  'accept-language' => 'zh-CN,zh;q=0.8,en-US;q=0.5,en;q=0.3',
  'accept-encoding' => 'gzip, deflate',
  'cookie' => 'ace.settings=%7B%22sidebar-collapsed%22%3A-1%7D; ace.settings=%7B%22sidebar-collapsed%22%3A-1%7D; Webstorm-8aea5f95=23434b1f-8580-4344-a5c1-eff1d22687af; CNZZDATA155540=cnzz_eid%3D2136305627-1472045223-%26ntime%3D1476371527; ace.settings=%7B%22sidebar-collapsed%22%3A-1%7D; think_var=zh-cn',
  'connection' => 'keep-alive',
  'upgrade-insecure-requests' => '1',
)
[ info ] [ PARAM ] array (
)
[ info ] [ RUN ] Method [ <user> public method add ] {
  @@ /Users/zhouweiyong/Code/web/Think5Api/application/admin/controller/NewsController.php 15 - 22
}

[ info ] [ VIEW ] /Users/zhouweiyong/Code/web/Think5Api/public/../application/admin/view/news/add.html [ array (
  0 => 'Config',
) ]
[ info ] [ LOG ] INIT File

---------------------------------------------------------------
