[ 2016-10-14T00:31:56+08:00 ] ::1 ::1 GET /index.php/admin/news/add.html
[ log ] localhost:8888/index.php/admin/news/add.html [运行时间：0.029878s][吞吐率：33.47req/s] [内存消耗：2,026.31kb] [文件加载：45]
[ info ] [ ROUTE ] array (
  'type' => 'module',
  'module' => 
  array (
    0 => 'admin',
    1 => 'news',
    2 => 'add',
  ),
)
[ info ] [ HEADER ] array (
  'host' => 'localhost:8888',
  'user-agent' => 'Mozilla/5.0 (Macintosh; Intel Mac OS X 10.12; rv:49.0) Gecko/20100101 Firefox/49.0',
  'accept' => 'text/html,application/xhtml+xml,application/xml;q=0.9,*/*;q=0.8',
  'accept-language' => 'zh-CN,zh;q=0.8,en-US;q=0.5,en;q=0.3',
  'accept-encoding' => 'gzip, deflate',
  'cookie' => 'ace.settings=%7B%22sidebar-collapsed%22%3A-1%7D; ace.settings=%7B%22sidebar-collapsed%22%3A-1%7D; Webstorm-8aea5f95=23434b1f-8580-4344-a5c1-eff1d22687af; CNZZDATA155540=cnzz_eid%3D2136305627-1472045223-%26ntime%3D1476371527; ace.settings=%7B%22sidebar-collapsed%22%3A-1%7D; think_var=zh-cn',
  'connection' => 'keep-alive',
  'upgrade-insecure-requests' => '1',
)
[ info ] [ PARAM ] array (
)
[ info ] [ RUN ] Method [ <user> public method add ] {
  @@ /Users/zhouweiyong/Code/web/Think5Api/application/admin/controller/NewsController.php 17 - 24
}

[ info ] [ VIEW ] /Users/zhouweiyong/Code/web/Think5Api/public/../application/admin/view/news/add.html [ array (
  0 => 'Config',
) ]
[ info ] [ LOG ] INIT File

---------------------------------------------------------------
[ 2016-10-14T00:32:45+08:00 ] ::1 ::1 GET /index.php/admin/news/add.html
[ log ] localhost:8888/index.php/admin/news/add.html [运行时间：0.030599s][吞吐率：32.68req/s] [内存消耗：2,026.48kb] [文件加载：45]
[ info ] [ ROUTE ] array (
  'type' => 'module',
  'module' => 
  array (
    0 => 'admin',
    1 => 'news',
    2 => 'add',
  ),
)
[ info ] [ HEADER ] array (
  'host' => 'localhost:8888',
  'user-agent' => 'Mozilla/5.0 (Macintosh; Intel Mac OS X 10.12; rv:49.0) Gecko/20100101 Firefox/49.0',
  'accept' => 'text/html,application/xhtml+xml,application/xml;q=0.9,*/*;q=0.8',
  'accept-language' => 'zh-CN,zh;q=0.8,en-US;q=0.5,en;q=0.3',
  'accept-encoding' => 'gzip, deflate',
  'cookie' => 'ace.settings=%7B%22sidebar-collapsed%22%3A-1%7D; ace.settings=%7B%22sidebar-collapsed%22%3A-1%7D; Webstorm-8aea5f95=23434b1f-8580-4344-a5c1-eff1d22687af; CNZZDATA155540=cnzz_eid%3D2136305627-1472045223-%26ntime%3D1476371527; ace.settings=%7B%22sidebar-collapsed%22%3A-1%7D; think_var=zh-cn',
  'connection' => 'keep-alive',
  'upgrade-insecure-requests' => '1',
)
[ info ] [ PARAM ] array (
)
[ info ] [ RUN ] Method [ <user> public method add ] {
  @@ /Users/zhouweiyong/Code/web/Think5Api/application/admin/controller/NewsController.php 17 - 24
}

[ info ] [ VIEW ] /Users/zhouweiyong/Code/web/Think5Api/public/../application/admin/view/news/add.html [ array (
  0 => 'Config',
) ]
[ info ] [ LOG ] INIT File

---------------------------------------------------------------
[ 2016-10-14T00:33:05+08:00 ] ::1 ::1 POST /index.php/admin/news/addnews.html
[ log ] localhost:8888/index.php/admin/news/addnews.html [运行时间：0.080156s][吞吐率：12.48req/s] [内存消耗：3,212.25kb] [文件加载：56]
[ info ] [ ROUTE ] array (
  'type' => 'module',
  'module' => 
  array (
    0 => 'admin',
    1 => 'news',
    2 => 'addnews',
  ),
)
[ info ] [ HEADER ] array (
  'host' => 'localhost:8888',
  'user-agent' => 'Mozilla/5.0 (Macintosh; Intel Mac OS X 10.12; rv:49.0) Gecko/20100101 Firefox/49.0',
  'accept' => 'text/html,application/xhtml+xml,application/xml;q=0.9,*/*;q=0.8',
  'accept-language' => 'zh-CN,zh;q=0.8,en-US;q=0.5,en;q=0.3',
  'accept-encoding' => 'gzip, deflate',
  'referer' => 'http://localhost:8888/index.php/admin/news/add.html',
  'cookie' => 'ace.settings=%7B%22sidebar-collapsed%22%3A-1%7D; ace.settings=%7B%22sidebar-collapsed%22%3A-1%7D; Webstorm-8aea5f95=23434b1f-8580-4344-a5c1-eff1d22687af; CNZZDATA155540=cnzz_eid%3D2136305627-1472045223-%26ntime%3D1476371527; ace.settings=%7B%22sidebar-collapsed%22%3A-1%7D; think_var=zh-cn',
  'connection' => 'keep-alive',
  'upgrade-insecure-requests' => '1',
  'content-type' => 'application/x-www-form-urlencoded',
  'content-length' => '100',
)
[ info ] [ PARAM ] array (
  'newsTitle' => 'title1',
  'newsAuthor' => 'zuoze',
  'newsContent' => '内容！！！！',
)
[ info ] [ RUN ] Method [ <user> public method addNews ] {
  @@ /Users/zhouweiyong/Code/web/Think5Api/application/admin/controller/NewsController.php 26 - 35
}

[ info ] [ DB ] INIT mysql
[ info ] [ VIEW ] /Users/zhouweiyong/Code/web/Think5Api/thinkphp/tpl/dispatch_jump.tpl [ array (
  0 => 'code',
  1 => 'msg',
  2 => 'data',
  3 => 'url',
  4 => 'wait',
) ]
[ info ] [ LOG ] INIT File
[ sql ] [ DB ] CONNECT:[ UseTime:0.001052s ] mysql:dbname=think5_api;host=localhost;port=8889;charset=utf8
[ sql ] [ SQL ] INSERT INTO `api_news` (`createTime` , `newsTitle` , `newsContent`) VALUES (1476376385 , 'title1' , '内容！！！！')     [ RunTime:0.002819s ]

---------------------------------------------------------------
[ 2016-10-14T00:33:08+08:00 ] ::1 ::1 GET /index.php/admin/news/add.html
[ log ] localhost:8888/index.php/admin/news/add.html [运行时间：0.034685s][吞吐率：28.83req/s] [内存消耗：2,026.77kb] [文件加载：45]
[ info ] [ ROUTE ] array (
  'type' => 'module',
  'module' => 
  array (
    0 => 'admin',
    1 => 'news',
    2 => 'add',
  ),
)
[ info ] [ HEADER ] array (
  'host' => 'localhost:8888',
  'user-agent' => 'Mozilla/5.0 (Macintosh; Intel Mac OS X 10.12; rv:49.0) Gecko/20100101 Firefox/49.0',
  'accept' => 'text/html,application/xhtml+xml,application/xml;q=0.9,*/*;q=0.8',
  'accept-language' => 'zh-CN,zh;q=0.8,en-US;q=0.5,en;q=0.3',
  'accept-encoding' => 'gzip, deflate',
  'referer' => 'http://localhost:8888/index.php/admin/news/addnews.html',
  'cookie' => 'ace.settings=%7B%22sidebar-collapsed%22%3A-1%7D; ace.settings=%7B%22sidebar-collapsed%22%3A-1%7D; Webstorm-8aea5f95=23434b1f-8580-4344-a5c1-eff1d22687af; CNZZDATA155540=cnzz_eid%3D2136305627-1472045223-%26ntime%3D1476371527; ace.settings=%7B%22sidebar-collapsed%22%3A-1%7D; think_var=zh-cn',
  'connection' => 'keep-alive',
  'upgrade-insecure-requests' => '1',
)
[ info ] [ PARAM ] array (
)
[ info ] [ RUN ] Method [ <user> public method add ] {
  @@ /Users/zhouweiyong/Code/web/Think5Api/application/admin/controller/NewsController.php 17 - 24
}

[ info ] [ VIEW ] /Users/zhouweiyong/Code/web/Think5Api/public/../application/admin/view/news/add.html [ array (
  0 => 'Config',
) ]
[ info ] [ LOG ] INIT File

---------------------------------------------------------------
[ 2016-10-14T00:35:18+08:00 ] ::1 ::1 GET /index.php/admin/introl/about.html
[ log ] localhost:8888/index.php/admin/introl/about.html [运行时间：0.027224s][吞吐率：36.73req/s] [内存消耗：1,703.63kb] [文件加载：41]
[ info ] [ ROUTE ] array (
  'type' => 'module',
  'module' => 
  array (
    0 => 'admin',
    1 => 'introl',
    2 => 'about',
  ),
)
[ info ] [ HEADER ] array (
  'host' => 'localhost:8888',
  'user-agent' => 'Mozilla/5.0 (Macintosh; Intel Mac OS X 10.12; rv:49.0) Gecko/20100101 Firefox/49.0',
  'accept' => 'text/html,application/xhtml+xml,application/xml;q=0.9,*/*;q=0.8',
  'accept-language' => 'zh-CN,zh;q=0.8,en-US;q=0.5,en;q=0.3',
  'accept-encoding' => 'gzip, deflate',
  'referer' => 'http://localhost:8888/index.php/admin/news/add.html',
  'cookie' => 'ace.settings=%7B%22sidebar-collapsed%22%3A-1%7D; Webstorm-8aea5f95=23434b1f-8580-4344-a5c1-eff1d22687af; CNZZDATA155540=cnzz_eid%3D2136305627-1472045223-%26ntime%3D1476371527; ace.settings=%7B%22sidebar-collapsed%22%3A-1%7D',
  'connection' => 'keep-alive',
  'upgrade-insecure-requests' => '1',
)
[ info ] [ PARAM ] array (
)
[ info ] [ LANG ] /Users/zhouweiyong/Code/web/Think5Api/thinkphp/lang/zh-cn.php
[ info ] [ LOG ] INIT File

---------------------------------------------------------------
[ 2016-10-14T00:36:52+08:00 ] ::1 ::1 GET /index.php/admin/product/show.html
[ log ] localhost:8888/index.php/admin/product/show.html [运行时间：0.030219s][吞吐率：33.09req/s] [内存消耗：2,024.31kb] [文件加载：45]
[ info ] [ ROUTE ] array (
  'type' => 'module',
  'module' => 
  array (
    0 => 'admin',
    1 => 'product',
    2 => 'show',
  ),
)
[ info ] [ HEADER ] array (
  'host' => 'localhost:8888',
  'user-agent' => 'Mozilla/5.0 (Macintosh; Intel Mac OS X 10.12; rv:49.0) Gecko/20100101 Firefox/49.0',
  'accept' => 'text/html,application/xhtml+xml,application/xml;q=0.9,*/*;q=0.8',
  'accept-language' => 'zh-CN,zh;q=0.8,en-US;q=0.5,en;q=0.3',
  'accept-encoding' => 'gzip, deflate',
  'referer' => 'http://localhost:8888/index.php/admin/news/add.html',
  'cookie' => 'ace.settings=%7B%22sidebar-collapsed%22%3A-1%7D; ace.settings=%7B%22sidebar-collapsed%22%3A-1%7D; Webstorm-8aea5f95=23434b1f-8580-4344-a5c1-eff1d22687af; CNZZDATA155540=cnzz_eid%3D2136305627-1472045223-%26ntime%3D1476371527; ace.settings=%7B%22sidebar-collapsed%22%3A-1%7D; think_var=zh-cn',
  'connection' => 'keep-alive',
  'upgrade-insecure-requests' => '1',
)
[ info ] [ PARAM ] array (
)
[ info ] [ RUN ] Method [ <user> public method show ] {
  @@ /Users/zhouweiyong/Code/web/Think5Api/application/admin/controller/ProductController.php 16 - 23
}

[ info ] [ VIEW ] /Users/zhouweiyong/Code/web/Think5Api/public/../application/admin/view/product/show.html [ array (
  0 => 'Config',
) ]
[ info ] [ LOG ] INIT File

---------------------------------------------------------------
[ 2016-10-14T00:37:06+08:00 ] ::1 ::1 GET /index.php/admin/news/show.html
[ log ] localhost:8888/index.php/admin/news/show.html [运行时间：0.026908s][吞吐率：37.16req/s] [内存消耗：2,026.56kb] [文件加载：45]
[ info ] [ ROUTE ] array (
  'type' => 'module',
  'module' => 
  array (
    0 => 'admin',
    1 => 'news',
    2 => 'show',
  ),
)
[ info ] [ HEADER ] array (
  'host' => 'localhost:8888',
  'user-agent' => 'Mozilla/5.0 (Macintosh; Intel Mac OS X 10.12; rv:49.0) Gecko/20100101 Firefox/49.0',
  'accept' => 'text/html,application/xhtml+xml,application/xml;q=0.9,*/*;q=0.8',
  'accept-language' => 'zh-CN,zh;q=0.8,en-US;q=0.5,en;q=0.3',
  'accept-encoding' => 'gzip, deflate',
  'referer' => 'http://localhost:8888/index.php/admin/product/show.html',
  'cookie' => 'ace.settings=%7B%22sidebar-collapsed%22%3A-1%7D; ace.settings=%7B%22sidebar-collapsed%22%3A-1%7D; Webstorm-8aea5f95=23434b1f-8580-4344-a5c1-eff1d22687af; CNZZDATA155540=cnzz_eid%3D2136305627-1472045223-%26ntime%3D1476371527; ace.settings=%7B%22sidebar-collapsed%22%3A-1%7D; think_var=zh-cn',
  'connection' => 'keep-alive',
  'upgrade-insecure-requests' => '1',
)
[ info ] [ PARAM ] array (
)
[ info ] [ RUN ] Method [ <user> public method show ] {
  @@ /Users/zhouweiyong/Code/web/Think5Api/application/admin/controller/NewsController.php 37 - 44
}

[ info ] [ VIEW ] /Users/zhouweiyong/Code/web/Think5Api/public/../application/admin/view/news/show.html [ array (
  0 => 'Config',
) ]
[ info ] [ LOG ] INIT File

---------------------------------------------------------------
[ 2016-10-14T00:37:10+08:00 ] ::1 ::1 GET /index.php/admin/upimg/addusericon.html
[ log ] localhost:8888/index.php/admin/upimg/addusericon.html [运行时间：0.025582s][吞吐率：39.09req/s] [内存消耗：1,702.77kb] [文件加载：41]
[ info ] [ ROUTE ] array (
  'type' => 'module',
  'module' => 
  array (
    0 => 'admin',
    1 => 'upimg',
    2 => 'addusericon',
  ),
)
[ info ] [ HEADER ] array (
  'host' => 'localhost:8888',
  'user-agent' => 'Mozilla/5.0 (Macintosh; Intel Mac OS X 10.12; rv:49.0) Gecko/20100101 Firefox/49.0',
  'accept' => 'text/html,application/xhtml+xml,application/xml;q=0.9,*/*;q=0.8',
  'accept-language' => 'zh-CN,zh;q=0.8,en-US;q=0.5,en;q=0.3',
  'accept-encoding' => 'gzip, deflate',
  'referer' => 'http://localhost:8888/index.php/admin/news/show.html',
  'cookie' => 'ace.settings=%7B%22sidebar-collapsed%22%3A-1%7D; Webstorm-8aea5f95=23434b1f-8580-4344-a5c1-eff1d22687af; CNZZDATA155540=cnzz_eid%3D2136305627-1472045223-%26ntime%3D1476371527; ace.settings=%7B%22sidebar-collapsed%22%3A-1%7D; think_var=zh-cn',
  'connection' => 'keep-alive',
  'upgrade-insecure-requests' => '1',
)
[ info ] [ PARAM ] array (
)
[ info ] [ LANG ] /Users/zhouweiyong/Code/web/Think5Api/thinkphp/lang/zh-cn.php
[ info ] [ LOG ] INIT File

---------------------------------------------------------------
[ 2016-10-14T00:37:14+08:00 ] ::1 ::1 GET /index.php/admin/account/show.html
[ log ] localhost:8888/index.php/admin/account/show.html [运行时间：0.027238s][吞吐率：36.71req/s] [内存消耗：2,024.36kb] [文件加载：45]
[ info ] [ ROUTE ] array (
  'type' => 'module',
  'module' => 
  array (
    0 => 'admin',
    1 => 'account',
    2 => 'show',
  ),
)
[ info ] [ HEADER ] array (
  'host' => 'localhost:8888',
  'user-agent' => 'Mozilla/5.0 (Macintosh; Intel Mac OS X 10.12; rv:49.0) Gecko/20100101 Firefox/49.0',
  'accept' => 'text/html,application/xhtml+xml,application/xml;q=0.9,*/*;q=0.8',
  'accept-language' => 'zh-CN,zh;q=0.8,en-US;q=0.5,en;q=0.3',
  'accept-encoding' => 'gzip, deflate',
  'referer' => 'http://localhost:8888/index.php/admin/news/show.html',
  'cookie' => 'ace.settings=%7B%22sidebar-collapsed%22%3A-1%7D; Webstorm-8aea5f95=23434b1f-8580-4344-a5c1-eff1d22687af; CNZZDATA155540=cnzz_eid%3D2136305627-1472045223-%26ntime%3D1476371527; ace.settings=%7B%22sidebar-collapsed%22%3A-1%7D; think_var=zh-cn',
  'connection' => 'keep-alive',
  'upgrade-insecure-requests' => '1',
)
[ info ] [ PARAM ] array (
)
[ info ] [ RUN ] Method [ <user> public method show ] {
  @@ /Users/zhouweiyong/Code/web/Think5Api/application/admin/controller/AccountController.php 28 - 35
}

[ info ] [ VIEW ] /Users/zhouweiyong/Code/web/Think5Api/public/../application/admin/view/account/show.html [ array (
  0 => 'Config',
) ]
[ info ] [ LOG ] INIT File

---------------------------------------------------------------
[ 2016-10-14T00:47:47+08:00 ] ::1 ::1 GET /index.php/admin/news/add.html
[ log ] localhost:8888/index.php/admin/news/add.html [运行时间：0.029670s][吞吐率：33.70req/s] [内存消耗：2,026.60kb] [文件加载：45]
[ info ] [ ROUTE ] array (
  'type' => 'module',
  'module' => 
  array (
    0 => 'admin',
    1 => 'news',
    2 => 'add',
  ),
)
[ info ] [ HEADER ] array (
  'host' => 'localhost:8888',
  'user-agent' => 'Mozilla/5.0 (Macintosh; Intel Mac OS X 10.12; rv:49.0) Gecko/20100101 Firefox/49.0',
  'accept' => 'text/html,application/xhtml+xml,application/xml;q=0.9,*/*;q=0.8',
  'accept-language' => 'zh-CN,zh;q=0.8,en-US;q=0.5,en;q=0.3',
  'accept-encoding' => 'gzip, deflate',
  'referer' => 'http://localhost:8888/index.php/admin/account/show.html',
  'cookie' => 'ace.settings=%7B%22sidebar-collapsed%22%3A-1%7D; ace.settings=%7B%22sidebar-collapsed%22%3A-1%7D; Webstorm-8aea5f95=23434b1f-8580-4344-a5c1-eff1d22687af; CNZZDATA155540=cnzz_eid%3D2136305627-1472045223-%26ntime%3D1476371527; ace.settings=%7B%22sidebar-collapsed%22%3A-1%7D; think_var=zh-cn',
  'connection' => 'keep-alive',
  'upgrade-insecure-requests' => '1',
)
[ info ] [ PARAM ] array (
)
[ info ] [ RUN ] Method [ <user> public method add ] {
  @@ /Users/zhouweiyong/Code/web/Think5Api/application/admin/controller/NewsController.php 17 - 24
}

[ info ] [ VIEW ] /Users/zhouweiyong/Code/web/Think5Api/public/../application/admin/view/news/add.html [ array (
  0 => 'Config',
) ]
[ info ] [ LOG ] INIT File

---------------------------------------------------------------
[ 2016-10-14T00:51:08+08:00 ] ::1 ::1 GET /index.php/admin/news/add.html
[ log ] localhost:8888/index.php/admin/news/add.html [运行时间：0.030827s][吞吐率：32.44req/s] [内存消耗：2,027.21kb] [文件加载：45]
[ info ] [ ROUTE ] array (
  'type' => 'module',
  'module' => 
  array (
    0 => 'admin',
    1 => 'news',
    2 => 'add',
  ),
)
[ info ] [ HEADER ] array (
  'host' => 'localhost:8888',
  'user-agent' => 'Mozilla/5.0 (Macintosh; Intel Mac OS X 10.12; rv:49.0) Gecko/20100101 Firefox/49.0',
  'accept' => 'text/html,application/xhtml+xml,application/xml;q=0.9,*/*;q=0.8',
  'accept-language' => 'zh-CN,zh;q=0.8,en-US;q=0.5,en;q=0.3',
  'accept-encoding' => 'gzip, deflate',
  'cookie' => 'ace.settings=%7B%22sidebar-collapsed%22%3A-1%7D; ace.settings=%7B%22sidebar-collapsed%22%3A-1%7D; Webstorm-8aea5f95=23434b1f-8580-4344-a5c1-eff1d22687af; CNZZDATA155540=cnzz_eid%3D2136305627-1472045223-%26ntime%3D1476376927; ace.settings=%7B%22sidebar-collapsed%22%3A-1%7D; think_var=zh-cn',
  'connection' => 'keep-alive',
  'upgrade-insecure-requests' => '1',
)
[ info ] [ PARAM ] array (
)
[ info ] [ RUN ] Method [ <user> public method add ] {
  @@ /Users/zhouweiyong/Code/web/Think5Api/application/admin/controller/NewsController.php 17 - 24
}

[ info ] [ VIEW ] /Users/zhouweiyong/Code/web/Think5Api/public/../application/admin/view/news/add.html [ array (
  0 => 'Config',
) ]
[ info ] [ LOG ] INIT File

---------------------------------------------------------------
[ 2016-10-14T00:51:10+08:00 ] ::1 ::1 POST /index.php/admin/news/addnews.html
[ log ] localhost:8888/index.php/admin/news/addnews.html [运行时间：0.040570s][吞吐率：24.65req/s] [内存消耗：2,817.08kb] [文件加载：52]
[ info ] [ ROUTE ] array (
  'type' => 'module',
  'module' => 
  array (
    0 => 'admin',
    1 => 'news',
    2 => 'addnews',
  ),
)
[ info ] [ HEADER ] array (
  'host' => 'localhost:8888',
  'user-agent' => 'Mozilla/5.0 (Macintosh; Intel Mac OS X 10.12; rv:49.0) Gecko/20100101 Firefox/49.0',
  'accept' => 'text/html,application/xhtml+xml,application/xml;q=0.9,*/*;q=0.8',
  'accept-language' => 'zh-CN,zh;q=0.8,en-US;q=0.5,en;q=0.3',
  'accept-encoding' => 'gzip, deflate',
  'referer' => 'http://localhost:8888/index.php/admin/news/add.html',
  'cookie' => 'ace.settings=%7B%22sidebar-collapsed%22%3A-1%7D; ace.settings=%7B%22sidebar-collapsed%22%3A-1%7D; Webstorm-8aea5f95=23434b1f-8580-4344-a5c1-eff1d22687af; CNZZDATA155540=cnzz_eid%3D2136305627-1472045223-%26ntime%3D1476376927; ace.settings=%7B%22sidebar-collapsed%22%3A-1%7D; think_var=zh-cn',
  'connection' => 'keep-alive',
  'upgrade-insecure-requests' => '1',
  'content-type' => 'application/x-www-form-urlencoded',
  'content-length' => '35',
)
[ info ] [ PARAM ] array (
  'newsTitle' => '',
  'newsAuthor' => '',
  'newsContent' => '',
)
[ info ] [ RUN ] Method [ <user> public method addNews ] {
  @@ /Users/zhouweiyong/Code/web/Think5Api/application/admin/controller/NewsController.php 26 - 35
}

[ info ] [ DB ] INIT mysql
[ info ] [ VIEW ] /Users/zhouweiyong/Code/web/Think5Api/thinkphp/tpl/dispatch_jump.tpl [ array (
  0 => 'code',
  1 => 'msg',
  2 => 'data',
  3 => 'url',
  4 => 'wait',
) ]
[ info ] [ LOG ] INIT File

---------------------------------------------------------------
[ 2016-10-14T00:51:46+08:00 ] ::1 ::1 GET /index.php/admin/news/add.html
[ log ] localhost:8888/index.php/admin/news/add.html [运行时间：0.033099s][吞吐率：30.21req/s] [内存消耗：2,027.03kb] [文件加载：45]
[ info ] [ ROUTE ] array (
  'type' => 'module',
  'module' => 
  array (
    0 => 'admin',
    1 => 'news',
    2 => 'add',
  ),
)
[ info ] [ HEADER ] array (
  'host' => 'localhost:8888',
  'user-agent' => 'Mozilla/5.0 (Macintosh; Intel Mac OS X 10.12; rv:49.0) Gecko/20100101 Firefox/49.0',
  'accept' => 'text/html,application/xhtml+xml,application/xml;q=0.9,*/*;q=0.8',
  'accept-language' => 'zh-CN,zh;q=0.8,en-US;q=0.5,en;q=0.3',
  'accept-encoding' => 'gzip, deflate',
  'cookie' => 'ace.settings=%7B%22sidebar-collapsed%22%3A-1%7D; ace.settings=%7B%22sidebar-collapsed%22%3A-1%7D; Webstorm-8aea5f95=23434b1f-8580-4344-a5c1-eff1d22687af; CNZZDATA155540=cnzz_eid%3D2136305627-1472045223-%26ntime%3D1476376927; ace.settings=%7B%22sidebar-collapsed%22%3A-1%7D; think_var=zh-cn',
  'connection' => 'keep-alive',
  'upgrade-insecure-requests' => '1',
)
[ info ] [ PARAM ] array (
)
[ info ] [ RUN ] Method [ <user> public method add ] {
  @@ /Users/zhouweiyong/Code/web/Think5Api/application/admin/controller/NewsController.php 17 - 24
}

[ info ] [ VIEW ] /Users/zhouweiyong/Code/web/Think5Api/public/../application/admin/view/news/add.html [ array (
  0 => 'Config',
) ]
[ info ] [ LOG ] INIT File

---------------------------------------------------------------
[ 2016-10-14T00:51:47+08:00 ] ::1 ::1 POST /index.php/admin/news/addnews.html
[ log ] localhost:8888/index.php/admin/news/addnews.html [运行时间：0.039495s][吞吐率：25.32req/s] [内存消耗：2,817.20kb] [文件加载：52]
[ info ] [ ROUTE ] array (
  'type' => 'module',
  'module' => 
  array (
    0 => 'admin',
    1 => 'news',
    2 => 'addnews',
  ),
)
[ info ] [ HEADER ] array (
  'host' => 'localhost:8888',
  'user-agent' => 'Mozilla/5.0 (Macintosh; Intel Mac OS X 10.12; rv:49.0) Gecko/20100101 Firefox/49.0',
  'accept' => 'text/html,application/xhtml+xml,application/xml;q=0.9,*/*;q=0.8',
  'accept-language' => 'zh-CN,zh;q=0.8,en-US;q=0.5,en;q=0.3',
  'accept-encoding' => 'gzip, deflate',
  'referer' => 'http://localhost:8888/index.php/admin/news/add.html',
  'cookie' => 'ace.settings=%7B%22sidebar-collapsed%22%3A-1%7D; ace.settings=%7B%22sidebar-collapsed%22%3A-1%7D; Webstorm-8aea5f95=23434b1f-8580-4344-a5c1-eff1d22687af; CNZZDATA155540=cnzz_eid%3D2136305627-1472045223-%26ntime%3D1476376927; ace.settings=%7B%22sidebar-collapsed%22%3A-1%7D; think_var=zh-cn',
  'connection' => 'keep-alive',
  'upgrade-insecure-requests' => '1',
  'content-type' => 'application/x-www-form-urlencoded',
  'content-length' => '35',
)
[ info ] [ PARAM ] array (
  'newsTitle' => '',
  'newsAuthor' => '',
  'newsContent' => '',
)
[ info ] [ RUN ] Method [ <user> public method addNews ] {
  @@ /Users/zhouweiyong/Code/web/Think5Api/application/admin/controller/NewsController.php 26 - 35
}

[ info ] [ DB ] INIT mysql
[ info ] [ VIEW ] /Users/zhouweiyong/Code/web/Think5Api/thinkphp/tpl/dispatch_jump.tpl [ array (
  0 => 'code',
  1 => 'msg',
  2 => 'data',
  3 => 'url',
  4 => 'wait',
) ]
[ info ] [ LOG ] INIT File

---------------------------------------------------------------
[ 2016-10-14T00:51:56+08:00 ] ::1 ::1 POST /index.php/admin/news/addnews.html
[ log ] localhost:8888/index.php/admin/news/addnews.html [运行时间：0.039739s][吞吐率：25.16req/s] [内存消耗：2,817.42kb] [文件加载：52]
[ info ] [ ROUTE ] array (
  'type' => 'module',
  'module' => 
  array (
    0 => 'admin',
    1 => 'news',
    2 => 'addnews',
  ),
)
[ info ] [ HEADER ] array (
  'host' => 'localhost:8888',
  'user-agent' => 'Mozilla/5.0 (Macintosh; Intel Mac OS X 10.12; rv:49.0) Gecko/20100101 Firefox/49.0',
  'accept' => 'text/html,application/xhtml+xml,application/xml;q=0.9,*/*;q=0.8',
  'accept-language' => 'zh-CN,zh;q=0.8,en-US;q=0.5,en;q=0.3',
  'accept-encoding' => 'gzip, deflate',
  'referer' => 'http://localhost:8888/index.php/admin/news/add.html',
  'cookie' => 'ace.settings=%7B%22sidebar-collapsed%22%3A-1%7D; ace.settings=%7B%22sidebar-collapsed%22%3A-1%7D; Webstorm-8aea5f95=23434b1f-8580-4344-a5c1-eff1d22687af; CNZZDATA155540=cnzz_eid%3D2136305627-1472045223-%26ntime%3D1476376927; ace.settings=%7B%22sidebar-collapsed%22%3A-1%7D; think_var=zh-cn',
  'connection' => 'keep-alive',
  'upgrade-insecure-requests' => '1',
  'content-type' => 'application/x-www-form-urlencoded',
  'content-length' => '41',
)
[ info ] [ PARAM ] array (
  'newsTitle' => 'title1',
  'newsAuthor' => '',
  'newsContent' => '',
)
[ info ] [ RUN ] Method [ <user> public method addNews ] {
  @@ /Users/zhouweiyong/Code/web/Think5Api/application/admin/controller/NewsController.php 26 - 35
}

[ info ] [ DB ] INIT mysql
[ info ] [ VIEW ] /Users/zhouweiyong/Code/web/Think5Api/thinkphp/tpl/dispatch_jump.tpl [ array (
  0 => 'code',
  1 => 'msg',
  2 => 'data',
  3 => 'url',
  4 => 'wait',
) ]
[ info ] [ LOG ] INIT File

---------------------------------------------------------------
[ 2016-10-14T00:52:06+08:00 ] ::1 ::1 POST /index.php/admin/news/addnews.html
[ log ] localhost:8888/index.php/admin/news/addnews.html [运行时间：0.040479s][吞吐率：24.70req/s] [内存消耗：2,817.04kb] [文件加载：52]
[ info ] [ ROUTE ] array (
  'type' => 'module',
  'module' => 
  array (
    0 => 'admin',
    1 => 'news',
    2 => 'addnews',
  ),
)
[ info ] [ HEADER ] array (
  'host' => 'localhost:8888',
  'user-agent' => 'Mozilla/5.0 (Macintosh; Intel Mac OS X 10.12; rv:49.0) Gecko/20100101 Firefox/49.0',
  'accept' => 'text/html,application/xhtml+xml,application/xml;q=0.9,*/*;q=0.8',
  'accept-language' => 'zh-CN,zh;q=0.8,en-US;q=0.5,en;q=0.3',
  'accept-encoding' => 'gzip, deflate',
  'referer' => 'http://localhost:8888/index.php/admin/news/add.html',
  'cookie' => 'ace.settings=%7B%22sidebar-collapsed%22%3A-1%7D; ace.settings=%7B%22sidebar-collapsed%22%3A-1%7D; Webstorm-8aea5f95=23434b1f-8580-4344-a5c1-eff1d22687af; CNZZDATA155540=cnzz_eid%3D2136305627-1472045223-%26ntime%3D1476376927; ace.settings=%7B%22sidebar-collapsed%22%3A-1%7D; think_var=zh-cn',
  'connection' => 'keep-alive',
  'upgrade-insecure-requests' => '1',
  'content-type' => 'application/x-www-form-urlencoded',
  'content-length' => '48',
)
[ info ] [ PARAM ] array (
  'newsTitle' => 'title1',
  'newsAuthor' => 'author1',
  'newsContent' => '',
)
[ info ] [ RUN ] Method [ <user> public method addNews ] {
  @@ /Users/zhouweiyong/Code/web/Think5Api/application/admin/controller/NewsController.php 26 - 35
}

[ info ] [ DB ] INIT mysql
[ info ] [ VIEW ] /Users/zhouweiyong/Code/web/Think5Api/thinkphp/tpl/dispatch_jump.tpl [ array (
  0 => 'code',
  1 => 'msg',
  2 => 'data',
  3 => 'url',
  4 => 'wait',
) ]
[ info ] [ LOG ] INIT File

---------------------------------------------------------------
[ 2016-10-14T00:53:09+08:00 ] ::1 ::1 GET /index.php/admin/news/add.html
[ log ] localhost:8888/index.php/admin/news/add.html [运行时间：0.039310s][吞吐率：25.44req/s] [内存消耗：2,259.84kb] [文件加载：47]
[ info ] [ ROUTE ] array (
  'type' => 'module',
  'module' => 
  array (
    0 => 'admin',
    1 => 'news',
    2 => 'add',
  ),
)
[ info ] [ HEADER ] array (
  'host' => 'localhost:8888',
  'user-agent' => 'Mozilla/5.0 (Macintosh; Intel Mac OS X 10.12; rv:49.0) Gecko/20100101 Firefox/49.0',
  'accept' => 'text/html,application/xhtml+xml,application/xml;q=0.9,*/*;q=0.8',
  'accept-language' => 'zh-CN,zh;q=0.8,en-US;q=0.5,en;q=0.3',
  'accept-encoding' => 'gzip, deflate',
  'cookie' => 'ace.settings=%7B%22sidebar-collapsed%22%3A-1%7D; ace.settings=%7B%22sidebar-collapsed%22%3A-1%7D; Webstorm-8aea5f95=23434b1f-8580-4344-a5c1-eff1d22687af; CNZZDATA155540=cnzz_eid%3D2136305627-1472045223-%26ntime%3D1476376927; ace.settings=%7B%22sidebar-collapsed%22%3A-1%7D; think_var=zh-cn',
  'connection' => 'keep-alive',
  'upgrade-insecure-requests' => '1',
)
[ info ] [ PARAM ] array (
)
[ info ] [ RUN ] Method [ <user> public method add ] {
  @@ /Users/zhouweiyong/Code/web/Think5Api/application/admin/controller/NewsController.php 17 - 24
}

[ info ] [ VIEW ] /Users/zhouweiyong/Code/web/Think5Api/public/../application/admin/view/news/add.html [ array (
  0 => 'Config',
) ]
[ info ] [ LOG ] INIT File

---------------------------------------------------------------
[ 2016-10-14T00:53:17+08:00 ] ::1 ::1 POST /index.php/admin/news/addnews.html
[ log ] localhost:8888/index.php/admin/news/addnews.html [运行时间：0.039740s][吞吐率：25.16req/s] [内存消耗：2,817.04kb] [文件加载：52]
[ info ] [ ROUTE ] array (
  'type' => 'module',
  'module' => 
  array (
    0 => 'admin',
    1 => 'news',
    2 => 'addnews',
  ),
)
[ info ] [ HEADER ] array (
  'host' => 'localhost:8888',
  'user-agent' => 'Mozilla/5.0 (Macintosh; Intel Mac OS X 10.12; rv:49.0) Gecko/20100101 Firefox/49.0',
  'accept' => 'text/html,application/xhtml+xml,application/xml;q=0.9,*/*;q=0.8',
  'accept-language' => 'zh-CN,zh;q=0.8,en-US;q=0.5,en;q=0.3',
  'accept-encoding' => 'gzip, deflate',
  'referer' => 'http://localhost:8888/index.php/admin/news/add.html',
  'cookie' => 'ace.settings=%7B%22sidebar-collapsed%22%3A-1%7D; ace.settings=%7B%22sidebar-collapsed%22%3A-1%7D; Webstorm-8aea5f95=23434b1f-8580-4344-a5c1-eff1d22687af; CNZZDATA155540=cnzz_eid%3D2136305627-1472045223-%26ntime%3D1476376927; ace.settings=%7B%22sidebar-collapsed%22%3A-1%7D; think_var=zh-cn',
  'connection' => 'keep-alive',
  'upgrade-insecure-requests' => '1',
  'content-type' => 'application/x-www-form-urlencoded',
  'content-length' => '48',
)
[ info ] [ PARAM ] array (
  'newsTitle' => 'title1',
  'newsAuthor' => 'author1',
  'newsContent' => '',
)
[ info ] [ RUN ] Method [ <user> public method addNews ] {
  @@ /Users/zhouweiyong/Code/web/Think5Api/application/admin/controller/NewsController.php 26 - 35
}

[ info ] [ DB ] INIT mysql
[ info ] [ VIEW ] /Users/zhouweiyong/Code/web/Think5Api/thinkphp/tpl/dispatch_jump.tpl [ array (
  0 => 'code',
  1 => 'msg',
  2 => 'data',
  3 => 'url',
  4 => 'wait',
) ]
[ info ] [ LOG ] INIT File

---------------------------------------------------------------
[ 2016-10-14T00:53:25+08:00 ] ::1 ::1 POST /index.php/admin/news/addnews.html
[ log ] localhost:8888/index.php/admin/news/addnews.html [运行时间：0.041106s][吞吐率：24.33req/s] [内存消耗：2,817.16kb] [文件加载：52]
[ info ] [ ROUTE ] array (
  'type' => 'module',
  'module' => 
  array (
    0 => 'admin',
    1 => 'news',
    2 => 'addnews',
  ),
)
[ info ] [ HEADER ] array (
  'host' => 'localhost:8888',
  'user-agent' => 'Mozilla/5.0 (Macintosh; Intel Mac OS X 10.12; rv:49.0) Gecko/20100101 Firefox/49.0',
  'accept' => 'text/html,application/xhtml+xml,application/xml;q=0.9,*/*;q=0.8',
  'accept-language' => 'zh-CN,zh;q=0.8,en-US;q=0.5,en;q=0.3',
  'accept-encoding' => 'gzip, deflate',
  'referer' => 'http://localhost:8888/index.php/admin/news/add.html',
  'cookie' => 'ace.settings=%7B%22sidebar-collapsed%22%3A-1%7D; ace.settings=%7B%22sidebar-collapsed%22%3A-1%7D; Webstorm-8aea5f95=23434b1f-8580-4344-a5c1-eff1d22687af; CNZZDATA155540=cnzz_eid%3D2136305627-1472045223-%26ntime%3D1476376927; ace.settings=%7B%22sidebar-collapsed%22%3A-1%7D; think_var=zh-cn',
  'connection' => 'keep-alive',
  'upgrade-insecure-requests' => '1',
  'content-type' => 'application/x-www-form-urlencoded',
  'content-length' => '51',
)
[ info ] [ PARAM ] array (
  'newsTitle' => 'title1',
  'newsAuthor' => 'author1',
  'newsContent' => 'eee',
)
[ info ] [ RUN ] Method [ <user> public method addNews ] {
  @@ /Users/zhouweiyong/Code/web/Think5Api/application/admin/controller/NewsController.php 26 - 35
}

[ info ] [ DB ] INIT mysql
[ info ] [ VIEW ] /Users/zhouweiyong/Code/web/Think5Api/thinkphp/tpl/dispatch_jump.tpl [ array (
  0 => 'code',
  1 => 'msg',
  2 => 'data',
  3 => 'url',
  4 => 'wait',
) ]
[ info ] [ LOG ] INIT File

---------------------------------------------------------------
[ 2016-10-14T00:53:53+08:00 ] ::1 ::1 GET /index.php/admin/news/add.html
[ log ] localhost:8888/index.php/admin/news/add.html [运行时间：0.034696s][吞吐率：28.82req/s] [内存消耗：2,260.50kb] [文件加载：47]
[ info ] [ ROUTE ] array (
  'type' => 'module',
  'module' => 
  array (
    0 => 'admin',
    1 => 'news',
    2 => 'add',
  ),
)
[ info ] [ HEADER ] array (
  'host' => 'localhost:8888',
  'user-agent' => 'Mozilla/5.0 (Macintosh; Intel Mac OS X 10.12; rv:49.0) Gecko/20100101 Firefox/49.0',
  'accept' => 'text/html,application/xhtml+xml,application/xml;q=0.9,*/*;q=0.8',
  'accept-language' => 'zh-CN,zh;q=0.8,en-US;q=0.5,en;q=0.3',
  'accept-encoding' => 'gzip, deflate',
  'cookie' => 'ace.settings=%7B%22sidebar-collapsed%22%3A-1%7D; ace.settings=%7B%22sidebar-collapsed%22%3A-1%7D; Webstorm-8aea5f95=23434b1f-8580-4344-a5c1-eff1d22687af; CNZZDATA155540=cnzz_eid%3D2136305627-1472045223-%26ntime%3D1476376927; ace.settings=%7B%22sidebar-collapsed%22%3A-1%7D; think_var=zh-cn',
  'connection' => 'keep-alive',
  'upgrade-insecure-requests' => '1',
  'cache-control' => 'max-age=0',
)
[ info ] [ PARAM ] array (
)
[ info ] [ RUN ] Method [ <user> public method add ] {
  @@ /Users/zhouweiyong/Code/web/Think5Api/application/admin/controller/NewsController.php 17 - 24
}

[ info ] [ VIEW ] /Users/zhouweiyong/Code/web/Think5Api/public/../application/admin/view/news/add.html [ array (
  0 => 'Config',
) ]
[ info ] [ LOG ] INIT File

---------------------------------------------------------------
[ 2016-10-14T00:53:55+08:00 ] ::1 ::1 GET /index.php/admin/news/add.html
[ log ] localhost:8888/index.php/admin/news/add.html [运行时间：0.031905s][吞吐率：31.34req/s] [内存消耗：2,027.33kb] [文件加载：45]
[ info ] [ ROUTE ] array (
  'type' => 'module',
  'module' => 
  array (
    0 => 'admin',
    1 => 'news',
    2 => 'add',
  ),
)
[ info ] [ HEADER ] array (
  'host' => 'localhost:8888',
  'user-agent' => 'Mozilla/5.0 (Macintosh; Intel Mac OS X 10.12; rv:49.0) Gecko/20100101 Firefox/49.0',
  'accept' => 'text/html,application/xhtml+xml,application/xml;q=0.9,*/*;q=0.8',
  'accept-language' => 'zh-CN,zh;q=0.8,en-US;q=0.5,en;q=0.3',
  'accept-encoding' => 'gzip, deflate',
  'referer' => 'http://localhost:8888/index.php/admin/news/add.html',
  'cookie' => 'ace.settings=%7B%22sidebar-collapsed%22%3A-1%7D; ace.settings=%7B%22sidebar-collapsed%22%3A-1%7D; Webstorm-8aea5f95=23434b1f-8580-4344-a5c1-eff1d22687af; CNZZDATA155540=cnzz_eid%3D2136305627-1472045223-%26ntime%3D1476376927; ace.settings=%7B%22sidebar-collapsed%22%3A-1%7D; think_var=zh-cn',
  'connection' => 'keep-alive',
  'upgrade-insecure-requests' => '1',
)
[ info ] [ PARAM ] array (
)
[ info ] [ RUN ] Method [ <user> public method add ] {
  @@ /Users/zhouweiyong/Code/web/Think5Api/application/admin/controller/NewsController.php 17 - 24
}

[ info ] [ VIEW ] /Users/zhouweiyong/Code/web/Think5Api/public/../application/admin/view/news/add.html [ array (
  0 => 'Config',
) ]
[ info ] [ LOG ] INIT File

---------------------------------------------------------------
[ 2016-10-14T00:54:05+08:00 ] ::1 ::1 POST /index.php/admin/news/addnews.html
[ log ] localhost:8888/index.php/admin/news/addnews.html [运行时间：0.040695s][吞吐率：24.57req/s] [内存消耗：2,817.17kb] [文件加载：52]
[ info ] [ ROUTE ] array (
  'type' => 'module',
  'module' => 
  array (
    0 => 'admin',
    1 => 'news',
    2 => 'addnews',
  ),
)
[ info ] [ HEADER ] array (
  'host' => 'localhost:8888',
  'user-agent' => 'Mozilla/5.0 (Macintosh; Intel Mac OS X 10.12; rv:49.0) Gecko/20100101 Firefox/49.0',
  'accept' => 'text/html,application/xhtml+xml,application/xml;q=0.9,*/*;q=0.8',
  'accept-language' => 'zh-CN,zh;q=0.8,en-US;q=0.5,en;q=0.3',
  'accept-encoding' => 'gzip, deflate',
  'referer' => 'http://localhost:8888/index.php/admin/news/add.html',
  'cookie' => 'ace.settings=%7B%22sidebar-collapsed%22%3A-1%7D; ace.settings=%7B%22sidebar-collapsed%22%3A-1%7D; Webstorm-8aea5f95=23434b1f-8580-4344-a5c1-eff1d22687af; CNZZDATA155540=cnzz_eid%3D2136305627-1472045223-%26ntime%3D1476376927; ace.settings=%7B%22sidebar-collapsed%22%3A-1%7D; think_var=zh-cn',
  'connection' => 'keep-alive',
  'upgrade-insecure-requests' => '1',
  'content-type' => 'application/x-www-form-urlencoded',
  'content-length' => '44',
)
[ info ] [ PARAM ] array (
  'newsTitle' => 'title1',
  'author' => 'author1',
  'newsContent' => '',
)
[ info ] [ RUN ] Method [ <user> public method addNews ] {
  @@ /Users/zhouweiyong/Code/web/Think5Api/application/admin/controller/NewsController.php 26 - 35
}

[ info ] [ DB ] INIT mysql
[ info ] [ VIEW ] /Users/zhouweiyong/Code/web/Think5Api/thinkphp/tpl/dispatch_jump.tpl [ array (
  0 => 'code',
  1 => 'msg',
  2 => 'data',
  3 => 'url',
  4 => 'wait',
) ]
[ info ] [ LOG ] INIT File

---------------------------------------------------------------
[ 2016-10-14T00:54:12+08:00 ] ::1 ::1 POST /index.php/admin/news/addnews.html
[ log ] localhost:8888/index.php/admin/news/addnews.html [运行时间：0.046995s][吞吐率：21.28req/s] [内存消耗：3,049.77kb] [文件加载：55]
[ info ] [ ROUTE ] array (
  'type' => 'module',
  'module' => 
  array (
    0 => 'admin',
    1 => 'news',
    2 => 'addnews',
  ),
)
[ info ] [ HEADER ] array (
  'host' => 'localhost:8888',
  'user-agent' => 'Mozilla/5.0 (Macintosh; Intel Mac OS X 10.12; rv:49.0) Gecko/20100101 Firefox/49.0',
  'accept' => 'text/html,application/xhtml+xml,application/xml;q=0.9,*/*;q=0.8',
  'accept-language' => 'zh-CN,zh;q=0.8,en-US;q=0.5,en;q=0.3',
  'accept-encoding' => 'gzip, deflate',
  'referer' => 'http://localhost:8888/index.php/admin/news/add.html',
  'cookie' => 'ace.settings=%7B%22sidebar-collapsed%22%3A-1%7D; ace.settings=%7B%22sidebar-collapsed%22%3A-1%7D; Webstorm-8aea5f95=23434b1f-8580-4344-a5c1-eff1d22687af; CNZZDATA155540=cnzz_eid%3D2136305627-1472045223-%26ntime%3D1476376927; ace.settings=%7B%22sidebar-collapsed%22%3A-1%7D; think_var=zh-cn',
  'connection' => 'keep-alive',
  'upgrade-insecure-requests' => '1',
  'content-type' => 'application/x-www-form-urlencoded',
  'content-length' => '52',
)
[ info ] [ PARAM ] array (
  'newsTitle' => 'title1',
  'author' => 'author1',
  'newsContent' => 'content1',
)
[ info ] [ RUN ] Method [ <user> public method addNews ] {
  @@ /Users/zhouweiyong/Code/web/Think5Api/application/admin/controller/NewsController.php 26 - 35
}

[ info ] [ DB ] INIT mysql
[ info ] [ VIEW ] /Users/zhouweiyong/Code/web/Think5Api/thinkphp/tpl/dispatch_jump.tpl [ array (
  0 => 'code',
  1 => 'msg',
  2 => 'data',
  3 => 'url',
  4 => 'wait',
) ]
[ info ] [ LOG ] INIT File
[ sql ] [ DB ] CONNECT:[ UseTime:0.000330s ] mysql:dbname=think5_api;host=localhost;port=8889;charset=utf8
[ sql ] [ SQL ] INSERT INTO `api_news` (`createTime` , `newsTitle` , `author` , `newsContent`) VALUES (1476377652 , 'title1' , 'author1' , 'content1')      [ RunTime:0.000697s ]

---------------------------------------------------------------
[ 2016-10-14T00:54:16+08:00 ] ::1 ::1 GET /index.php/admin/news/add.html
[ log ] localhost:8888/index.php/admin/news/add.html [运行时间：0.032534s][吞吐率：30.74req/s] [内存消耗：2,027.52kb] [文件加载：45]
[ info ] [ ROUTE ] array (
  'type' => 'module',
  'module' => 
  array (
    0 => 'admin',
    1 => 'news',
    2 => 'add',
  ),
)
[ info ] [ HEADER ] array (
  'host' => 'localhost:8888',
  'user-agent' => 'Mozilla/5.0 (Macintosh; Intel Mac OS X 10.12; rv:49.0) Gecko/20100101 Firefox/49.0',
  'accept' => 'text/html,application/xhtml+xml,application/xml;q=0.9,*/*;q=0.8',
  'accept-language' => 'zh-CN,zh;q=0.8,en-US;q=0.5,en;q=0.3',
  'accept-encoding' => 'gzip, deflate',
  'referer' => 'http://localhost:8888/index.php/admin/news/addnews.html',
  'cookie' => 'ace.settings=%7B%22sidebar-collapsed%22%3A-1%7D; ace.settings=%7B%22sidebar-collapsed%22%3A-1%7D; Webstorm-8aea5f95=23434b1f-8580-4344-a5c1-eff1d22687af; CNZZDATA155540=cnzz_eid%3D2136305627-1472045223-%26ntime%3D1476376927; ace.settings=%7B%22sidebar-collapsed%22%3A-1%7D; think_var=zh-cn',
  'connection' => 'keep-alive',
  'upgrade-insecure-requests' => '1',
)
[ info ] [ PARAM ] array (
)
[ info ] [ RUN ] Method [ <user> public method add ] {
  @@ /Users/zhouweiyong/Code/web/Think5Api/application/admin/controller/NewsController.php 17 - 24
}

[ info ] [ VIEW ] /Users/zhouweiyong/Code/web/Think5Api/public/../application/admin/view/news/add.html [ array (
  0 => 'Config',
) ]
[ info ] [ LOG ] INIT File

---------------------------------------------------------------
[ 2016-10-14T00:54:40+08:00 ] ::1 ::1 GET /index.php/admin/news/show.html
[ log ] localhost:8888/index.php/admin/news/show.html [运行时间：0.029635s][吞吐率：33.74req/s] [内存消耗：2,027.39kb] [文件加载：45]
[ info ] [ ROUTE ] array (
  'type' => 'module',
  'module' => 
  array (
    0 => 'admin',
    1 => 'news',
    2 => 'show',
  ),
)
[ info ] [ HEADER ] array (
  'host' => 'localhost:8888',
  'user-agent' => 'Mozilla/5.0 (Macintosh; Intel Mac OS X 10.12; rv:49.0) Gecko/20100101 Firefox/49.0',
  'accept' => 'text/html,application/xhtml+xml,application/xml;q=0.9,*/*;q=0.8',
  'accept-language' => 'zh-CN,zh;q=0.8,en-US;q=0.5,en;q=0.3',
  'accept-encoding' => 'gzip, deflate',
  'referer' => 'http://localhost:8888/index.php/admin/news/add.html',
  'cookie' => 'ace.settings=%7B%22sidebar-collapsed%22%3A-1%7D; ace.settings=%7B%22sidebar-collapsed%22%3A-1%7D; Webstorm-8aea5f95=23434b1f-8580-4344-a5c1-eff1d22687af; CNZZDATA155540=cnzz_eid%3D2136305627-1472045223-%26ntime%3D1476376927; ace.settings=%7B%22sidebar-collapsed%22%3A-1%7D; think_var=zh-cn',
  'connection' => 'keep-alive',
  'upgrade-insecure-requests' => '1',
)
[ info ] [ PARAM ] array (
)
[ info ] [ RUN ] Method [ <user> public method show ] {
  @@ /Users/zhouweiyong/Code/web/Think5Api/application/admin/controller/NewsController.php 37 - 44
}

[ info ] [ VIEW ] /Users/zhouweiyong/Code/web/Think5Api/public/../application/admin/view/news/show.html [ array (
  0 => 'Config',
) ]
[ info ] [ LOG ] INIT File

---------------------------------------------------------------
