[ 2016-10-18T00:03:52+08:00 ] ::1 ::1 GET /index.php/admin/news/show.html
[ log ] localhost:8888/index.php/admin/news/show.html [运行时间：0.047974s][吞吐率：20.84req/s] [内存消耗：2,259.07kb] [文件加载：47]
[ info ] [ ROUTE ] array (
  'type' => 'module',
  'module' => 
  array (
    0 => 'admin',
    1 => 'news',
    2 => 'show',
  ),
)
[ info ] [ HEADER ] array (
  'host' => 'localhost:8888',
  'user-agent' => 'Mozilla/5.0 (Macintosh; Intel Mac OS X 10.12; rv:49.0) Gecko/20100101 Firefox/49.0',
  'accept' => 'text/html,application/xhtml+xml,application/xml;q=0.9,*/*;q=0.8',
  'accept-language' => 'zh-CN,zh;q=0.8,en-US;q=0.5,en;q=0.3',
  'accept-encoding' => 'gzip, deflate',
  'referer' => 'http://localhost:8888/index.php/Admin/',
  'cookie' => 'ace.settings=%7B%22sidebar-collapsed%22%3A-1%7D; ace.settings=%7B%22sidebar-collapsed%22%3A-1%7D; Webstorm-8aea5f95=23434b1f-8580-4344-a5c1-eff1d22687af; CNZZDATA155540=cnzz_eid%3D2136305627-1472045223-%26ntime%3D1476717180',
  'connection' => 'keep-alive',
  'upgrade-insecure-requests' => '1',
)
[ info ] [ PARAM ] array (
)
[ info ] [ RUN ] Method [ <user> public method show ] {
  @@ /Users/zhouweiyong/Code/web/Think5Api/application/admin/controller/NewsController.php 37 - 44
}

[ info ] [ VIEW ] /Users/zhouweiyong/Code/web/Think5Api/public/../application/admin/view/news/show.html [ array (
  0 => 'Config',
) ]
[ info ] [ LOG ] INIT File

---------------------------------------------------------------
[ 2016-10-18T00:04:13+08:00 ] ::1 ::1 GET /index.php/admin/news/show.html
[ log ] localhost:8888/index.php/admin/news/show.html [运行时间：0.039187s][吞吐率：25.52req/s] [内存消耗：2,258.79kb] [文件加载：47]
[ info ] [ ROUTE ] array (
  'type' => 'module',
  'module' => 
  array (
    0 => 'admin',
    1 => 'news',
    2 => 'show',
  ),
)
[ info ] [ HEADER ] array (
  'host' => 'localhost:8888',
  'user-agent' => 'Mozilla/5.0 (Macintosh; Intel Mac OS X 10.12; rv:49.0) Gecko/20100101 Firefox/49.0',
  'accept' => 'text/html,application/xhtml+xml,application/xml;q=0.9,*/*;q=0.8',
  'accept-language' => 'zh-CN,zh;q=0.8,en-US;q=0.5,en;q=0.3',
  'accept-encoding' => 'gzip, deflate',
  'cookie' => 'ace.settings=%7B%22sidebar-collapsed%22%3A-1%7D; ace.settings=%7B%22sidebar-collapsed%22%3A-1%7D; Webstorm-8aea5f95=23434b1f-8580-4344-a5c1-eff1d22687af; CNZZDATA155540=cnzz_eid%3D2136305627-1472045223-%26ntime%3D1476717180',
  'connection' => 'keep-alive',
  'upgrade-insecure-requests' => '1',
)
[ info ] [ PARAM ] array (
)
[ info ] [ RUN ] Method [ <user> public method show ] {
  @@ /Users/zhouweiyong/Code/web/Think5Api/application/admin/controller/NewsController.php 37 - 44
}

[ info ] [ VIEW ] /Users/zhouweiyong/Code/web/Think5Api/public/../application/admin/view/news/show.html [ array (
  0 => 'Config',
) ]
[ info ] [ LOG ] INIT File

---------------------------------------------------------------
[ 2016-10-18T00:04:16+08:00 ] ::1 ::1 GET /index.php/admin/news/show.html
[ log ] localhost:8888/index.php/admin/news/show.html [运行时间：0.029247s][吞吐率：34.19req/s] [内存消耗：2,027.30kb] [文件加载：45]
[ info ] [ ROUTE ] array (
  'type' => 'module',
  'module' => 
  array (
    0 => 'admin',
    1 => 'news',
    2 => 'show',
  ),
)
[ info ] [ HEADER ] array (
  'host' => 'localhost:8888',
  'user-agent' => 'Mozilla/5.0 (Macintosh; Intel Mac OS X 10.12; rv:49.0) Gecko/20100101 Firefox/49.0',
  'accept' => 'text/html,application/xhtml+xml,application/xml;q=0.9,*/*;q=0.8',
  'accept-language' => 'zh-CN,zh;q=0.8,en-US;q=0.5,en;q=0.3',
  'accept-encoding' => 'gzip, deflate',
  'cookie' => 'ace.settings=%7B%22sidebar-collapsed%22%3A-1%7D; ace.settings=%7B%22sidebar-collapsed%22%3A-1%7D; Webstorm-8aea5f95=23434b1f-8580-4344-a5c1-eff1d22687af; CNZZDATA155540=cnzz_eid%3D2136305627-1472045223-%26ntime%3D1476717180',
  'connection' => 'keep-alive',
  'upgrade-insecure-requests' => '1',
)
[ info ] [ PARAM ] array (
)
[ info ] [ RUN ] Method [ <user> public method show ] {
  @@ /Users/zhouweiyong/Code/web/Think5Api/application/admin/controller/NewsController.php 37 - 44
}

[ info ] [ VIEW ] /Users/zhouweiyong/Code/web/Think5Api/public/../application/admin/view/news/show.html [ array (
  0 => 'Config',
) ]
[ info ] [ LOG ] INIT File

---------------------------------------------------------------
[ 2016-10-18T00:04:18+08:00 ] ::1 ::1 GET /index.php/admin/news/show.html
[ log ] localhost:8888/index.php/admin/news/show.html [运行时间：0.029182s][吞吐率：34.27req/s] [内存消耗：2,027.30kb] [文件加载：45]
[ info ] [ ROUTE ] array (
  'type' => 'module',
  'module' => 
  array (
    0 => 'admin',
    1 => 'news',
    2 => 'show',
  ),
)
[ info ] [ HEADER ] array (
  'host' => 'localhost:8888',
  'user-agent' => 'Mozilla/5.0 (Macintosh; Intel Mac OS X 10.12; rv:49.0) Gecko/20100101 Firefox/49.0',
  'accept' => 'text/html,application/xhtml+xml,application/xml;q=0.9,*/*;q=0.8',
  'accept-language' => 'zh-CN,zh;q=0.8,en-US;q=0.5,en;q=0.3',
  'accept-encoding' => 'gzip, deflate',
  'cookie' => 'ace.settings=%7B%22sidebar-collapsed%22%3A-1%7D; ace.settings=%7B%22sidebar-collapsed%22%3A-1%7D; Webstorm-8aea5f95=23434b1f-8580-4344-a5c1-eff1d22687af; CNZZDATA155540=cnzz_eid%3D2136305627-1472045223-%26ntime%3D1476717180',
  'connection' => 'keep-alive',
  'upgrade-insecure-requests' => '1',
)
[ info ] [ PARAM ] array (
)
[ info ] [ RUN ] Method [ <user> public method show ] {
  @@ /Users/zhouweiyong/Code/web/Think5Api/application/admin/controller/NewsController.php 37 - 44
}

[ info ] [ VIEW ] /Users/zhouweiyong/Code/web/Think5Api/public/../application/admin/view/news/show.html [ array (
  0 => 'Config',
) ]
[ info ] [ LOG ] INIT File

---------------------------------------------------------------
[ 2016-10-18T00:04:20+08:00 ] ::1 ::1 GET /index.php/admin/news/show.html
[ log ] localhost:8888/index.php/admin/news/show.html [运行时间：0.028948s][吞吐率：34.54req/s] [内存消耗：2,027.30kb] [文件加载：45]
[ info ] [ ROUTE ] array (
  'type' => 'module',
  'module' => 
  array (
    0 => 'admin',
    1 => 'news',
    2 => 'show',
  ),
)
[ info ] [ HEADER ] array (
  'host' => 'localhost:8888',
  'user-agent' => 'Mozilla/5.0 (Macintosh; Intel Mac OS X 10.12; rv:49.0) Gecko/20100101 Firefox/49.0',
  'accept' => 'text/html,application/xhtml+xml,application/xml;q=0.9,*/*;q=0.8',
  'accept-language' => 'zh-CN,zh;q=0.8,en-US;q=0.5,en;q=0.3',
  'accept-encoding' => 'gzip, deflate',
  'cookie' => 'ace.settings=%7B%22sidebar-collapsed%22%3A-1%7D; ace.settings=%7B%22sidebar-collapsed%22%3A-1%7D; Webstorm-8aea5f95=23434b1f-8580-4344-a5c1-eff1d22687af; CNZZDATA155540=cnzz_eid%3D2136305627-1472045223-%26ntime%3D1476717180',
  'connection' => 'keep-alive',
  'upgrade-insecure-requests' => '1',
)
[ info ] [ PARAM ] array (
)
[ info ] [ RUN ] Method [ <user> public method show ] {
  @@ /Users/zhouweiyong/Code/web/Think5Api/application/admin/controller/NewsController.php 37 - 44
}

[ info ] [ VIEW ] /Users/zhouweiyong/Code/web/Think5Api/public/../application/admin/view/news/show.html [ array (
  0 => 'Config',
) ]
[ info ] [ LOG ] INIT File

---------------------------------------------------------------
[ 2016-10-18T00:04:41+08:00 ] ::1 ::1 GET /index.php/admin/news/show.html
[ log ] localhost:8888/index.php/admin/news/show.html [运行时间：0.038504s][吞吐率：25.97req/s] [内存消耗：2,258.79kb] [文件加载：47]
[ info ] [ ROUTE ] array (
  'type' => 'module',
  'module' => 
  array (
    0 => 'admin',
    1 => 'news',
    2 => 'show',
  ),
)
[ info ] [ HEADER ] array (
  'host' => 'localhost:8888',
  'user-agent' => 'Mozilla/5.0 (Macintosh; Intel Mac OS X 10.12; rv:49.0) Gecko/20100101 Firefox/49.0',
  'accept' => 'text/html,application/xhtml+xml,application/xml;q=0.9,*/*;q=0.8',
  'accept-language' => 'zh-CN,zh;q=0.8,en-US;q=0.5,en;q=0.3',
  'accept-encoding' => 'gzip, deflate',
  'cookie' => 'ace.settings=%7B%22sidebar-collapsed%22%3A-1%7D; ace.settings=%7B%22sidebar-collapsed%22%3A-1%7D; Webstorm-8aea5f95=23434b1f-8580-4344-a5c1-eff1d22687af; CNZZDATA155540=cnzz_eid%3D2136305627-1472045223-%26ntime%3D1476717180',
  'connection' => 'keep-alive',
  'upgrade-insecure-requests' => '1',
)
[ info ] [ PARAM ] array (
)
[ info ] [ RUN ] Method [ <user> public method show ] {
  @@ /Users/zhouweiyong/Code/web/Think5Api/application/admin/controller/NewsController.php 37 - 44
}

[ info ] [ VIEW ] /Users/zhouweiyong/Code/web/Think5Api/public/../application/admin/view/news/show.html [ array (
  0 => 'Config',
) ]
[ info ] [ LOG ] INIT File

---------------------------------------------------------------
[ 2016-10-18T00:05:12+08:00 ] ::1 ::1 GET /index.php/admin/news/show.html
[ log ] localhost:8888/index.php/admin/news/show.html [运行时间：0.038686s][吞吐率：25.85req/s] [内存消耗：2,258.88kb] [文件加载：47]
[ info ] [ ROUTE ] array (
  'type' => 'module',
  'module' => 
  array (
    0 => 'admin',
    1 => 'news',
    2 => 'show',
  ),
)
[ info ] [ HEADER ] array (
  'host' => 'localhost:8888',
  'user-agent' => 'Mozilla/5.0 (Macintosh; Intel Mac OS X 10.12; rv:49.0) Gecko/20100101 Firefox/49.0',
  'accept' => 'text/html,application/xhtml+xml,application/xml;q=0.9,*/*;q=0.8',
  'accept-language' => 'zh-CN,zh;q=0.8,en-US;q=0.5,en;q=0.3',
  'accept-encoding' => 'gzip, deflate',
  'cookie' => 'ace.settings=%7B%22sidebar-collapsed%22%3A-1%7D; ace.settings=%7B%22sidebar-collapsed%22%3A-1%7D; Webstorm-8aea5f95=23434b1f-8580-4344-a5c1-eff1d22687af; CNZZDATA155540=cnzz_eid%3D2136305627-1472045223-%26ntime%3D1476717180',
  'connection' => 'keep-alive',
  'upgrade-insecure-requests' => '1',
)
[ info ] [ PARAM ] array (
)
[ info ] [ RUN ] Method [ <user> public method show ] {
  @@ /Users/zhouweiyong/Code/web/Think5Api/application/admin/controller/NewsController.php 37 - 44
}

[ info ] [ VIEW ] /Users/zhouweiyong/Code/web/Think5Api/public/../application/admin/view/news/show.html [ array (
  0 => 'Config',
) ]
[ info ] [ LOG ] INIT File

---------------------------------------------------------------
[ 2016-10-18T00:05:34+08:00 ] ::1 ::1 GET /index.php/admin/news/show.html
[ log ] localhost:8888/index.php/admin/news/show.html [运行时间：0.039245s][吞吐率：25.48req/s] [内存消耗：2,258.83kb] [文件加载：47]
[ info ] [ ROUTE ] array (
  'type' => 'module',
  'module' => 
  array (
    0 => 'admin',
    1 => 'news',
    2 => 'show',
  ),
)
[ info ] [ HEADER ] array (
  'host' => 'localhost:8888',
  'user-agent' => 'Mozilla/5.0 (Macintosh; Intel Mac OS X 10.12; rv:49.0) Gecko/20100101 Firefox/49.0',
  'accept' => 'text/html,application/xhtml+xml,application/xml;q=0.9,*/*;q=0.8',
  'accept-language' => 'zh-CN,zh;q=0.8,en-US;q=0.5,en;q=0.3',
  'accept-encoding' => 'gzip, deflate',
  'cookie' => 'ace.settings=%7B%22sidebar-collapsed%22%3A-1%7D; ace.settings=%7B%22sidebar-collapsed%22%3A-1%7D; Webstorm-8aea5f95=23434b1f-8580-4344-a5c1-eff1d22687af; CNZZDATA155540=cnzz_eid%3D2136305627-1472045223-%26ntime%3D1476717180',
  'connection' => 'keep-alive',
  'upgrade-insecure-requests' => '1',
)
[ info ] [ PARAM ] array (
)
[ info ] [ RUN ] Method [ <user> public method show ] {
  @@ /Users/zhouweiyong/Code/web/Think5Api/application/admin/controller/NewsController.php 37 - 44
}

[ info ] [ VIEW ] /Users/zhouweiyong/Code/web/Think5Api/public/../application/admin/view/news/show.html [ array (
  0 => 'Config',
) ]
[ info ] [ LOG ] INIT File

---------------------------------------------------------------
[ 2016-10-18T00:05:37+08:00 ] ::1 ::1 GET /index.php/admin/news/show.html
[ log ] localhost:8888/index.php/admin/news/show.html [运行时间：0.028368s][吞吐率：35.25req/s] [内存消耗：2,027.34kb] [文件加载：45]
[ info ] [ ROUTE ] array (
  'type' => 'module',
  'module' => 
  array (
    0 => 'admin',
    1 => 'news',
    2 => 'show',
  ),
)
[ info ] [ HEADER ] array (
  'host' => 'localhost:8888',
  'user-agent' => 'Mozilla/5.0 (Macintosh; Intel Mac OS X 10.12; rv:49.0) Gecko/20100101 Firefox/49.0',
  'accept' => 'text/html,application/xhtml+xml,application/xml;q=0.9,*/*;q=0.8',
  'accept-language' => 'zh-CN,zh;q=0.8,en-US;q=0.5,en;q=0.3',
  'accept-encoding' => 'gzip, deflate',
  'cookie' => 'ace.settings=%7B%22sidebar-collapsed%22%3A-1%7D; ace.settings=%7B%22sidebar-collapsed%22%3A-1%7D; Webstorm-8aea5f95=23434b1f-8580-4344-a5c1-eff1d22687af; CNZZDATA155540=cnzz_eid%3D2136305627-1472045223-%26ntime%3D1476717180',
  'connection' => 'keep-alive',
  'upgrade-insecure-requests' => '1',
)
[ info ] [ PARAM ] array (
)
[ info ] [ RUN ] Method [ <user> public method show ] {
  @@ /Users/zhouweiyong/Code/web/Think5Api/application/admin/controller/NewsController.php 37 - 44
}

[ info ] [ VIEW ] /Users/zhouweiyong/Code/web/Think5Api/public/../application/admin/view/news/show.html [ array (
  0 => 'Config',
) ]
[ info ] [ LOG ] INIT File

---------------------------------------------------------------
[ 2016-10-18T00:05:40+08:00 ] ::1 ::1 GET /index.php/admin/news/show.html
[ log ] localhost:8888/index.php/admin/news/show.html [运行时间：0.030032s][吞吐率：33.30req/s] [内存消耗：2,027.34kb] [文件加载：45]
[ info ] [ ROUTE ] array (
  'type' => 'module',
  'module' => 
  array (
    0 => 'admin',
    1 => 'news',
    2 => 'show',
  ),
)
[ info ] [ HEADER ] array (
  'host' => 'localhost:8888',
  'user-agent' => 'Mozilla/5.0 (Macintosh; Intel Mac OS X 10.12; rv:49.0) Gecko/20100101 Firefox/49.0',
  'accept' => 'text/html,application/xhtml+xml,application/xml;q=0.9,*/*;q=0.8',
  'accept-language' => 'zh-CN,zh;q=0.8,en-US;q=0.5,en;q=0.3',
  'accept-encoding' => 'gzip, deflate',
  'cookie' => 'ace.settings=%7B%22sidebar-collapsed%22%3A-1%7D; ace.settings=%7B%22sidebar-collapsed%22%3A-1%7D; Webstorm-8aea5f95=23434b1f-8580-4344-a5c1-eff1d22687af; CNZZDATA155540=cnzz_eid%3D2136305627-1472045223-%26ntime%3D1476717180',
  'connection' => 'keep-alive',
  'upgrade-insecure-requests' => '1',
)
[ info ] [ PARAM ] array (
)
[ info ] [ RUN ] Method [ <user> public method show ] {
  @@ /Users/zhouweiyong/Code/web/Think5Api/application/admin/controller/NewsController.php 37 - 44
}

[ info ] [ VIEW ] /Users/zhouweiyong/Code/web/Think5Api/public/../application/admin/view/news/show.html [ array (
  0 => 'Config',
) ]
[ info ] [ LOG ] INIT File

---------------------------------------------------------------
[ 2016-10-18T00:05:50+08:00 ] ::1 ::1 GET /index.php/admin/news/show.html
[ log ] localhost:8888/index.php/admin/news/show.html [运行时间：0.034193s][吞吐率：29.25req/s] [内存消耗：2,027.15kb] [文件加载：45]
[ info ] [ ROUTE ] array (
  'type' => 'module',
  'module' => 
  array (
    0 => 'admin',
    1 => 'news',
    2 => 'show',
  ),
)
[ info ] [ HEADER ] array (
  'host' => 'localhost:8888',
  'user-agent' => 'Mozilla/5.0 (Macintosh; Intel Mac OS X 10.12; rv:49.0) Gecko/20100101 Firefox/49.0',
  'accept' => 'text/html,application/xhtml+xml,application/xml;q=0.9,*/*;q=0.8',
  'accept-language' => 'zh-CN,zh;q=0.8,en-US;q=0.5,en;q=0.3',
  'accept-encoding' => 'gzip, deflate',
  'cookie' => 'ace.settings=%7B%22sidebar-collapsed%22%3A-1%7D; ace.settings=%7B%22sidebar-collapsed%22%3A-1%7D; Webstorm-8aea5f95=23434b1f-8580-4344-a5c1-eff1d22687af; CNZZDATA155540=cnzz_eid%3D2136305627-1472045223-%26ntime%3D1476717180',
  'connection' => 'keep-alive',
  'upgrade-insecure-requests' => '1',
)
[ info ] [ PARAM ] array (
)
[ info ] [ RUN ] Method [ <user> public method show ] {
  @@ /Users/zhouweiyong/Code/web/Think5Api/application/admin/controller/NewsController.php 37 - 44
}

[ info ] [ VIEW ] /Users/zhouweiyong/Code/web/Think5Api/public/../application/admin/view/news/show.html [ array (
  0 => 'Config',
) ]
[ info ] [ LOG ] INIT File

---------------------------------------------------------------
[ 2016-10-18T00:05:58+08:00 ] ::1 ::1 GET /index.php/admin/news/show.html
[ log ] localhost:8888/index.php/admin/news/show.html [运行时间：0.038576s][吞吐率：25.92req/s] [内存消耗：2,258.88kb] [文件加载：47]
[ info ] [ ROUTE ] array (
  'type' => 'module',
  'module' => 
  array (
    0 => 'admin',
    1 => 'news',
    2 => 'show',
  ),
)
[ info ] [ HEADER ] array (
  'host' => 'localhost:8888',
  'user-agent' => 'Mozilla/5.0 (Macintosh; Intel Mac OS X 10.12; rv:49.0) Gecko/20100101 Firefox/49.0',
  'accept' => 'text/html,application/xhtml+xml,application/xml;q=0.9,*/*;q=0.8',
  'accept-language' => 'zh-CN,zh;q=0.8,en-US;q=0.5,en;q=0.3',
  'accept-encoding' => 'gzip, deflate',
  'cookie' => 'ace.settings=%7B%22sidebar-collapsed%22%3A-1%7D; ace.settings=%7B%22sidebar-collapsed%22%3A-1%7D; Webstorm-8aea5f95=23434b1f-8580-4344-a5c1-eff1d22687af; CNZZDATA155540=cnzz_eid%3D2136305627-1472045223-%26ntime%3D1476717180',
  'connection' => 'keep-alive',
  'upgrade-insecure-requests' => '1',
)
[ info ] [ PARAM ] array (
)
[ info ] [ RUN ] Method [ <user> public method show ] {
  @@ /Users/zhouweiyong/Code/web/Think5Api/application/admin/controller/NewsController.php 37 - 44
}

[ info ] [ VIEW ] /Users/zhouweiyong/Code/web/Think5Api/public/../application/admin/view/news/show.html [ array (
  0 => 'Config',
) ]
[ info ] [ LOG ] INIT File

---------------------------------------------------------------
[ 2016-10-18T00:06:19+08:00 ] ::1 ::1 GET /index.php/admin/news/show.html
[ log ] localhost:8888/index.php/admin/news/show.html [运行时间：0.040308s][吞吐率：24.81req/s] [内存消耗：2,258.86kb] [文件加载：47]
[ info ] [ ROUTE ] array (
  'type' => 'module',
  'module' => 
  array (
    0 => 'admin',
    1 => 'news',
    2 => 'show',
  ),
)
[ info ] [ HEADER ] array (
  'host' => 'localhost:8888',
  'user-agent' => 'Mozilla/5.0 (Macintosh; Intel Mac OS X 10.12; rv:49.0) Gecko/20100101 Firefox/49.0',
  'accept' => 'text/html,application/xhtml+xml,application/xml;q=0.9,*/*;q=0.8',
  'accept-language' => 'zh-CN,zh;q=0.8,en-US;q=0.5,en;q=0.3',
  'accept-encoding' => 'gzip, deflate',
  'cookie' => 'ace.settings=%7B%22sidebar-collapsed%22%3A-1%7D; ace.settings=%7B%22sidebar-collapsed%22%3A-1%7D; Webstorm-8aea5f95=23434b1f-8580-4344-a5c1-eff1d22687af; CNZZDATA155540=cnzz_eid%3D2136305627-1472045223-%26ntime%3D1476717180',
  'connection' => 'keep-alive',
  'upgrade-insecure-requests' => '1',
)
[ info ] [ PARAM ] array (
)
[ info ] [ RUN ] Method [ <user> public method show ] {
  @@ /Users/zhouweiyong/Code/web/Think5Api/application/admin/controller/NewsController.php 37 - 44
}

[ info ] [ VIEW ] /Users/zhouweiyong/Code/web/Think5Api/public/../application/admin/view/news/show.html [ array (
  0 => 'Config',
) ]
[ info ] [ LOG ] INIT File

---------------------------------------------------------------
[ 2016-10-18T00:10:11+08:00 ] ::1 ::1 GET /index.php/admin/news/show.html
[ log ] localhost:8888/index.php/admin/news/show.html [运行时间：0.060821s][吞吐率：16.44req/s] [内存消耗：3,335.55kb] [文件加载：56]
[ info ] [ ROUTE ] array (
  'type' => 'module',
  'module' => 
  array (
    0 => 'admin',
    1 => 'news',
    2 => 'show',
  ),
)
[ info ] [ HEADER ] array (
  'host' => 'localhost:8888',
  'user-agent' => 'Mozilla/5.0 (Macintosh; Intel Mac OS X 10.12; rv:49.0) Gecko/20100101 Firefox/49.0',
  'accept' => 'text/html,application/xhtml+xml,application/xml;q=0.9,*/*;q=0.8',
  'accept-language' => 'zh-CN,zh;q=0.8,en-US;q=0.5,en;q=0.3',
  'accept-encoding' => 'gzip, deflate',
  'cookie' => 'ace.settings=%7B%22sidebar-collapsed%22%3A-1%7D; ace.settings=%7B%22sidebar-collapsed%22%3A-1%7D; Webstorm-8aea5f95=23434b1f-8580-4344-a5c1-eff1d22687af; CNZZDATA155540=cnzz_eid%3D2136305627-1472045223-%26ntime%3D1476717180',
  'connection' => 'keep-alive',
  'upgrade-insecure-requests' => '1',
)
[ info ] [ PARAM ] array (
)
[ info ] [ RUN ] Method [ <user> public method show ] {
  @@ /Users/zhouweiyong/Code/web/Think5Api/application/admin/controller/NewsController.php 37 - 47
}

[ info ] [ DB ] INIT mysql
[ info ] [ VIEW ] /Users/zhouweiyong/Code/web/Think5Api/public/../application/admin/view/news/show.html [ array (
  0 => 'Config',
) ]
[ info ] [ LOG ] INIT File
[ sql ] [ DB ] CONNECT:[ UseTime:0.003832s ] mysql:dbname=think5_api;host=localhost;port=8889;charset=utf8
[ sql ] [ SQL ] SELECT * FROM `api_news`  [ RunTime:0.003720s ]

---------------------------------------------------------------
[ 2016-10-18T00:10:32+08:00 ] ::1 ::1 GET /docs-assets/ico/favicon.png
[ log ] localhost:8888/docs-assets/ico/favicon.png [运行时间：0.042809s][吞吐率：23.36req/s] [内存消耗：1,679.77kb] [文件加载：38]
[ info ] [ ROUTE ] array (
  'type' => 'module',
  'module' => 
  array (
    0 => 'docs-assets',
    1 => 'ico',
    2 => 'favicon.png',
  ),
)
[ info ] [ HEADER ] array (
  'host' => 'localhost:8888',
  'accept' => '*/*',
  'connection' => 'keep-alive',
  'cookie' => 'SQLiteManager_currentLangue=2; CNZZDATA155540=cnzz_eid%3D1460454944-1472045223-%26ntime%3D1476366126; Webstorm-8aea5f95=23434b1f-8580-4344-a5c1-eff1d22687af',
  'user-agent' => 'Mozilla/5.0 (Macintosh; Intel Mac OS X 10_12) AppleWebKit/602.1.50 (KHTML, like Gecko) Version/10.0 Safari/602.1.50',
  'accept-language' => 'zh-cn',
  'referer' => 'http://localhost:8888/MAMP/?language=English',
  'accept-encoding' => 'gzip, deflate',
)
[ info ] [ PARAM ] array (
)
[ info ] [ LANG ] /Users/zhouweiyong/Code/web/Think5Api/thinkphp/lang/zh-cn.php
[ info ] [ LOG ] INIT File

---------------------------------------------------------------
[ 2016-10-18T00:10:32+08:00 ] ::1 ::1 GET /apple-touch-icon-precomposed.png
[ log ] localhost:8888/apple-touch-icon-precomposed.png [运行时间：0.037236s][吞吐率：26.86req/s] [内存消耗：1,679.12kb] [文件加载：38]
[ info ] [ ROUTE ] array (
  'type' => 'module',
  'module' => 
  array (
    0 => 'apple-touch-icon-precomposed.png',
    1 => NULL,
    2 => NULL,
  ),
)
[ info ] [ HEADER ] array (
  'host' => 'localhost:8888',
  'accept' => '*/*',
  'cookie' => 'CNZZDATA155540=cnzz_eid%3D1460454944-1472045223-%26ntime%3D1476366126; Webstorm-8aea5f95=23434b1f-8580-4344-a5c1-eff1d22687af',
  'user-agent' => 'Safari/12602.1.50.0.10 CFNetwork/807.0.4 Darwin/16.0.0 (x86_64)',
  'accept-language' => 'zh-cn',
  'accept-encoding' => 'gzip, deflate',
  'connection' => 'keep-alive',
)
[ info ] [ PARAM ] array (
)
[ info ] [ LANG ] /Users/zhouweiyong/Code/web/Think5Api/thinkphp/lang/zh-cn.php
[ info ] [ LOG ] INIT File

---------------------------------------------------------------
[ 2016-10-18T00:10:32+08:00 ] ::1 ::1 GET /apple-touch-icon.png
[ log ] localhost:8888/apple-touch-icon.png [运行时间：0.027702s][吞吐率：36.10req/s] [内存消耗：1,678.63kb] [文件加载：38]
[ info ] [ ROUTE ] array (
  'type' => 'module',
  'module' => 
  array (
    0 => 'apple-touch-icon.png',
    1 => NULL,
    2 => NULL,
  ),
)
[ info ] [ HEADER ] array (
  'host' => 'localhost:8888',
  'accept' => '*/*',
  'cookie' => 'think_var=zh-cn; CNZZDATA155540=cnzz_eid%3D1460454944-1472045223-%26ntime%3D1476366126; Webstorm-8aea5f95=23434b1f-8580-4344-a5c1-eff1d22687af',
  'user-agent' => 'Safari/12602.1.50.0.10 CFNetwork/807.0.4 Darwin/16.0.0 (x86_64)',
  'accept-language' => 'zh-cn',
  'accept-encoding' => 'gzip, deflate',
  'connection' => 'keep-alive',
)
[ info ] [ PARAM ] array (
)
[ info ] [ LANG ] /Users/zhouweiyong/Code/web/Think5Api/thinkphp/lang/zh-cn.php
[ info ] [ LOG ] INIT File

---------------------------------------------------------------
[ 2016-10-18T00:10:56+08:00 ] ::1 ::1 GET /index.php/admin/news/add.html
[ log ] localhost:8888/index.php/admin/news/add.html [运行时间：0.033585s][吞吐率：29.78req/s] [内存消耗：2,028.08kb] [文件加载：45]
[ info ] [ ROUTE ] array (
  'type' => 'module',
  'module' => 
  array (
    0 => 'admin',
    1 => 'news',
    2 => 'add',
  ),
)
[ info ] [ HEADER ] array (
  'host' => 'localhost:8888',
  'user-agent' => 'Mozilla/5.0 (Macintosh; Intel Mac OS X 10.12; rv:49.0) Gecko/20100101 Firefox/49.0',
  'accept' => 'text/html,application/xhtml+xml,application/xml;q=0.9,*/*;q=0.8',
  'accept-language' => 'zh-CN,zh;q=0.8,en-US;q=0.5,en;q=0.3',
  'accept-encoding' => 'gzip, deflate',
  'referer' => 'http://localhost:8888/index.php/Admin/',
  'cookie' => 'ace.settings=%7B%22sidebar-collapsed%22%3A-1%7D; ace.settings=%7B%22sidebar-collapsed%22%3A-1%7D; Webstorm-8aea5f95=23434b1f-8580-4344-a5c1-eff1d22687af; CNZZDATA155540=cnzz_eid%3D2136305627-1472045223-%26ntime%3D1476717180',
  'connection' => 'keep-alive',
  'upgrade-insecure-requests' => '1',
)
[ info ] [ PARAM ] array (
)
[ info ] [ RUN ] Method [ <user> public method add ] {
  @@ /Users/zhouweiyong/Code/web/Think5Api/application/admin/controller/NewsController.php 17 - 24
}

[ info ] [ VIEW ] /Users/zhouweiyong/Code/web/Think5Api/public/../application/admin/view/news/add.html [ array (
  0 => 'Config',
) ]
[ info ] [ LOG ] INIT File

---------------------------------------------------------------
[ 2016-10-18T00:11:09+08:00 ] ::1 ::1 POST /index.php/admin/news/addnews.html
[ log ] localhost:8888/index.php/admin/news/addnews.html [运行时间：0.057029s][吞吐率：17.53req/s] [内存消耗：3,050.18kb] [文件加载：55]
[ info ] [ ROUTE ] array (
  'type' => 'module',
  'module' => 
  array (
    0 => 'admin',
    1 => 'news',
    2 => 'addnews',
  ),
)
[ info ] [ HEADER ] array (
  'host' => 'localhost:8888',
  'user-agent' => 'Mozilla/5.0 (Macintosh; Intel Mac OS X 10.12; rv:49.0) Gecko/20100101 Firefox/49.0',
  'accept' => 'text/html,application/xhtml+xml,application/xml;q=0.9,*/*;q=0.8',
  'accept-language' => 'zh-CN,zh;q=0.8,en-US;q=0.5,en;q=0.3',
  'accept-encoding' => 'gzip, deflate',
  'referer' => 'http://localhost:8888/index.php/admin/news/add.html',
  'cookie' => 'ace.settings=%7B%22sidebar-collapsed%22%3A-1%7D; ace.settings=%7B%22sidebar-collapsed%22%3A-1%7D; Webstorm-8aea5f95=23434b1f-8580-4344-a5c1-eff1d22687af; CNZZDATA155540=cnzz_eid%3D2136305627-1472045223-%26ntime%3D1476717180',
  'connection' => 'keep-alive',
  'upgrade-insecure-requests' => '1',
  'content-type' => 'application/x-www-form-urlencoded',
  'content-length' => '52',
)
[ info ] [ PARAM ] array (
  'newsTitle' => 'title2',
  'author' => 'author2',
  'newsContent' => 'content2',
)
[ info ] [ RUN ] Method [ <user> public method addNews ] {
  @@ /Users/zhouweiyong/Code/web/Think5Api/application/admin/controller/NewsController.php 26 - 35
}

[ info ] [ DB ] INIT mysql
[ info ] [ VIEW ] /Users/zhouweiyong/Code/web/Think5Api/thinkphp/tpl/dispatch_jump.tpl [ array (
  0 => 'code',
  1 => 'msg',
  2 => 'data',
  3 => 'url',
  4 => 'wait',
) ]
[ info ] [ LOG ] INIT File
[ sql ] [ DB ] CONNECT:[ UseTime:0.000442s ] mysql:dbname=think5_api;host=localhost;port=8889;charset=utf8
[ sql ] [ SQL ] INSERT INTO `api_news` (`createTime` , `newsTitle` , `author` , `newsContent`) VALUES (1476720669 , 'title2' , 'author2' , 'content2')      [ RunTime:0.000777s ]

---------------------------------------------------------------
[ 2016-10-18T00:11:13+08:00 ] ::1 ::1 GET /index.php/admin/news/add.html
[ log ] localhost:8888/index.php/admin/news/add.html [运行时间：0.028129s][吞吐率：35.55req/s] [内存消耗：2,027.84kb] [文件加载：45]
[ info ] [ ROUTE ] array (
  'type' => 'module',
  'module' => 
  array (
    0 => 'admin',
    1 => 'news',
    2 => 'add',
  ),
)
[ info ] [ HEADER ] array (
  'host' => 'localhost:8888',
  'user-agent' => 'Mozilla/5.0 (Macintosh; Intel Mac OS X 10.12; rv:49.0) Gecko/20100101 Firefox/49.0',
  'accept' => 'text/html,application/xhtml+xml,application/xml;q=0.9,*/*;q=0.8',
  'accept-language' => 'zh-CN,zh;q=0.8,en-US;q=0.5,en;q=0.3',
  'accept-encoding' => 'gzip, deflate',
  'referer' => 'http://localhost:8888/index.php/admin/news/addnews.html',
  'cookie' => 'ace.settings=%7B%22sidebar-collapsed%22%3A-1%7D; ace.settings=%7B%22sidebar-collapsed%22%3A-1%7D; Webstorm-8aea5f95=23434b1f-8580-4344-a5c1-eff1d22687af; CNZZDATA155540=cnzz_eid%3D2136305627-1472045223-%26ntime%3D1476717180',
  'connection' => 'keep-alive',
  'upgrade-insecure-requests' => '1',
)
[ info ] [ PARAM ] array (
)
[ info ] [ RUN ] Method [ <user> public method add ] {
  @@ /Users/zhouweiyong/Code/web/Think5Api/application/admin/controller/NewsController.php 17 - 24
}

[ info ] [ VIEW ] /Users/zhouweiyong/Code/web/Think5Api/public/../application/admin/view/news/add.html [ array (
  0 => 'Config',
) ]
[ info ] [ LOG ] INIT File

---------------------------------------------------------------
[ 2016-10-18T00:11:25+08:00 ] ::1 ::1 POST /index.php/admin/news/addnews.html
[ log ] localhost:8888/index.php/admin/news/addnews.html [运行时间：0.048523s][吞吐率：20.61req/s] [内存消耗：3,050.14kb] [文件加载：55]
[ info ] [ ROUTE ] array (
  'type' => 'module',
  'module' => 
  array (
    0 => 'admin',
    1 => 'news',
    2 => 'addnews',
  ),
)
[ info ] [ HEADER ] array (
  'host' => 'localhost:8888',
  'user-agent' => 'Mozilla/5.0 (Macintosh; Intel Mac OS X 10.12; rv:49.0) Gecko/20100101 Firefox/49.0',
  'accept' => 'text/html,application/xhtml+xml,application/xml;q=0.9,*/*;q=0.8',
  'accept-language' => 'zh-CN,zh;q=0.8,en-US;q=0.5,en;q=0.3',
  'accept-encoding' => 'gzip, deflate',
  'referer' => 'http://localhost:8888/index.php/admin/news/add.html',
  'cookie' => 'ace.settings=%7B%22sidebar-collapsed%22%3A-1%7D; ace.settings=%7B%22sidebar-collapsed%22%3A-1%7D; Webstorm-8aea5f95=23434b1f-8580-4344-a5c1-eff1d22687af; CNZZDATA155540=cnzz_eid%3D2136305627-1472045223-%26ntime%3D1476717180',
  'connection' => 'keep-alive',
  'upgrade-insecure-requests' => '1',
  'content-type' => 'application/x-www-form-urlencoded',
  'content-length' => '52',
)
[ info ] [ PARAM ] array (
  'newsTitle' => 'title3',
  'author' => 'author3',
  'newsContent' => 'content3',
)
[ info ] [ RUN ] Method [ <user> public method addNews ] {
  @@ /Users/zhouweiyong/Code/web/Think5Api/application/admin/controller/NewsController.php 26 - 35
}

[ info ] [ DB ] INIT mysql
[ info ] [ VIEW ] /Users/zhouweiyong/Code/web/Think5Api/thinkphp/tpl/dispatch_jump.tpl [ array (
  0 => 'code',
  1 => 'msg',
  2 => 'data',
  3 => 'url',
  4 => 'wait',
) ]
[ info ] [ LOG ] INIT File
[ sql ] [ DB ] CONNECT:[ UseTime:0.000445s ] mysql:dbname=think5_api;host=localhost;port=8889;charset=utf8
[ sql ] [ SQL ] INSERT INTO `api_news` (`createTime` , `newsTitle` , `author` , `newsContent`) VALUES (1476720685 , 'title3' , 'author3' , 'content3')      [ RunTime:0.000648s ]

---------------------------------------------------------------
[ 2016-10-18T00:11:28+08:00 ] ::1 ::1 GET /index.php/admin/news/add.html
[ log ] localhost:8888/index.php/admin/news/add.html [运行时间：0.033143s][吞吐率：30.17req/s] [内存消耗：2,027.84kb] [文件加载：45]
[ info ] [ ROUTE ] array (
  'type' => 'module',
  'module' => 
  array (
    0 => 'admin',
    1 => 'news',
    2 => 'add',
  ),
)
[ info ] [ HEADER ] array (
  'host' => 'localhost:8888',
  'user-agent' => 'Mozilla/5.0 (Macintosh; Intel Mac OS X 10.12; rv:49.0) Gecko/20100101 Firefox/49.0',
  'accept' => 'text/html,application/xhtml+xml,application/xml;q=0.9,*/*;q=0.8',
  'accept-language' => 'zh-CN,zh;q=0.8,en-US;q=0.5,en;q=0.3',
  'accept-encoding' => 'gzip, deflate',
  'referer' => 'http://localhost:8888/index.php/admin/news/addnews.html',
  'cookie' => 'ace.settings=%7B%22sidebar-collapsed%22%3A-1%7D; ace.settings=%7B%22sidebar-collapsed%22%3A-1%7D; Webstorm-8aea5f95=23434b1f-8580-4344-a5c1-eff1d22687af; CNZZDATA155540=cnzz_eid%3D2136305627-1472045223-%26ntime%3D1476717180',
  'connection' => 'keep-alive',
  'upgrade-insecure-requests' => '1',
)
[ info ] [ PARAM ] array (
)
[ info ] [ RUN ] Method [ <user> public method add ] {
  @@ /Users/zhouweiyong/Code/web/Think5Api/application/admin/controller/NewsController.php 17 - 24
}

[ info ] [ VIEW ] /Users/zhouweiyong/Code/web/Think5Api/public/../application/admin/view/news/add.html [ array (
  0 => 'Config',
) ]
[ info ] [ LOG ] INIT File

---------------------------------------------------------------
[ 2016-10-18T00:11:31+08:00 ] ::1 ::1 GET /index.php/admin/news/show.html
[ log ] localhost:8888/index.php/admin/news/show.html [运行时间：0.041130s][吞吐率：24.31req/s] [内存消耗：3,104.95kb] [文件加载：54]
[ info ] [ ROUTE ] array (
  'type' => 'module',
  'module' => 
  array (
    0 => 'admin',
    1 => 'news',
    2 => 'show',
  ),
)
[ info ] [ HEADER ] array (
  'host' => 'localhost:8888',
  'user-agent' => 'Mozilla/5.0 (Macintosh; Intel Mac OS X 10.12; rv:49.0) Gecko/20100101 Firefox/49.0',
  'accept' => 'text/html,application/xhtml+xml,application/xml;q=0.9,*/*;q=0.8',
  'accept-language' => 'zh-CN,zh;q=0.8,en-US;q=0.5,en;q=0.3',
  'accept-encoding' => 'gzip, deflate',
  'referer' => 'http://localhost:8888/index.php/admin/news/add.html',
  'cookie' => 'ace.settings=%7B%22sidebar-collapsed%22%3A-1%7D; ace.settings=%7B%22sidebar-collapsed%22%3A-1%7D; Webstorm-8aea5f95=23434b1f-8580-4344-a5c1-eff1d22687af; CNZZDATA155540=cnzz_eid%3D2136305627-1472045223-%26ntime%3D1476717180',
  'connection' => 'keep-alive',
  'upgrade-insecure-requests' => '1',
)
[ info ] [ PARAM ] array (
)
[ info ] [ RUN ] Method [ <user> public method show ] {
  @@ /Users/zhouweiyong/Code/web/Think5Api/application/admin/controller/NewsController.php 37 - 47
}

[ info ] [ DB ] INIT mysql
[ info ] [ VIEW ] /Users/zhouweiyong/Code/web/Think5Api/public/../application/admin/view/news/show.html [ array (
  0 => 'Config',
) ]
[ info ] [ LOG ] INIT File
[ sql ] [ DB ] CONNECT:[ UseTime:0.000237s ] mysql:dbname=think5_api;host=localhost;port=8889;charset=utf8
[ sql ] [ SQL ] SELECT * FROM `api_news`  [ RunTime:0.000303s ]

---------------------------------------------------------------
[ 2016-10-18T00:15:03+08:00 ] ::1 ::1 GET /index.php/admin/news/show.html
[ log ] localhost:8888/index.php/admin/news/show.html [运行时间：0.057416s][吞吐率：17.42req/s] [内存消耗：3,473.84kb] [文件加载：63]
[ info ] [ ROUTE ] array (
  'type' => 'module',
  'module' => 
  array (
    0 => 'admin',
    1 => 'news',
    2 => 'show',
  ),
)
[ info ] [ HEADER ] array (
  'host' => 'localhost:8888',
  'user-agent' => 'Mozilla/5.0 (Macintosh; Intel Mac OS X 10.12; rv:49.0) Gecko/20100101 Firefox/49.0',
  'accept' => 'text/html,application/xhtml+xml,application/xml;q=0.9,*/*;q=0.8',
  'accept-language' => 'zh-CN,zh;q=0.8,en-US;q=0.5,en;q=0.3',
  'accept-encoding' => 'gzip, deflate',
  'referer' => 'http://localhost:8888/index.php/admin/news/add.html',
  'cookie' => 'ace.settings=%7B%22sidebar-collapsed%22%3A-1%7D; ace.settings=%7B%22sidebar-collapsed%22%3A-1%7D; Webstorm-8aea5f95=23434b1f-8580-4344-a5c1-eff1d22687af; CNZZDATA155540=cnzz_eid%3D2136305627-1472045223-%26ntime%3D1476717180',
  'connection' => 'keep-alive',
  'upgrade-insecure-requests' => '1',
)
[ info ] [ PARAM ] array (
)
[ info ] [ RUN ] Method [ <user> public method show ] {
  @@ /Users/zhouweiyong/Code/web/Think5Api/application/admin/controller/NewsController.php 37 - 47
}

[ info ] [ DB ] INIT mysql
[ info ] [ VIEW ] /Users/zhouweiyong/Code/web/Think5Api/public/../application/admin/view/news/show.html [ array (
  0 => 'Config',
  1 => 'newsList',
) ]
[ info ] [ LANG ] /Users/zhouweiyong/Code/web/Think5Api/thinkphp/lang/zh-cn.php
[ info ] [ LANG ] /Users/zhouweiyong/Code/web/Think5Api/thinkphp/lang/zh-cn.php
[ info ] [ LOG ] INIT File
[ sql ] [ DB ] CONNECT:[ UseTime:0.000417s ] mysql:dbname=think5_api;host=localhost;port=8889;charset=utf8
[ sql ] [ SQL ] SELECT * FROM `api_news`  [ RunTime:0.000384s ]
[ error ] [8]未定义变量: news[/Users/zhouweiyong/Code/web/Think5Api/runtime/temp/12c514c789a1a963d8429b2227757876.php:247]

---------------------------------------------------------------
[ 2016-10-18T00:17:07+08:00 ] ::1 ::1 GET /index.php/admin/news/show.html
[ log ] localhost:8888/index.php/admin/news/show.html [运行时间：0.051663s][吞吐率：19.36req/s] [内存消耗：3,243.35kb] [文件加载：61]
[ info ] [ ROUTE ] array (
  'type' => 'module',
  'module' => 
  array (
    0 => 'admin',
    1 => 'news',
    2 => 'show',
  ),
)
[ info ] [ HEADER ] array (
  'host' => 'localhost:8888',
  'user-agent' => 'Mozilla/5.0 (Macintosh; Intel Mac OS X 10.12; rv:49.0) Gecko/20100101 Firefox/49.0',
  'accept' => 'text/html,application/xhtml+xml,application/xml;q=0.9,*/*;q=0.8',
  'accept-language' => 'zh-CN,zh;q=0.8,en-US;q=0.5,en;q=0.3',
  'accept-encoding' => 'gzip, deflate',
  'cookie' => 'ace.settings=%7B%22sidebar-collapsed%22%3A-1%7D; ace.settings=%7B%22sidebar-collapsed%22%3A-1%7D; Webstorm-8aea5f95=23434b1f-8580-4344-a5c1-eff1d22687af; CNZZDATA155540=cnzz_eid%3D2136305627-1472045223-%26ntime%3D1476717180; think_var=zh-cn',
  'connection' => 'keep-alive',
  'upgrade-insecure-requests' => '1',
)
[ info ] [ PARAM ] array (
)
[ info ] [ RUN ] Method [ <user> public method show ] {
  @@ /Users/zhouweiyong/Code/web/Think5Api/application/admin/controller/NewsController.php 37 - 48
}

[ info ] [ DB ] INIT mysql
[ info ] [ VIEW ] /Users/zhouweiyong/Code/web/Think5Api/public/../application/admin/view/news/show.html [ array (
  0 => 'Config',
  1 => 'newsList',
) ]
[ info ] [ LANG ] /Users/zhouweiyong/Code/web/Think5Api/thinkphp/lang/zh-cn.php
[ info ] [ LANG ] /Users/zhouweiyong/Code/web/Think5Api/thinkphp/lang/zh-cn.php
[ info ] [ LOG ] INIT File
[ sql ] [ DB ] CONNECT:[ UseTime:0.000418s ] mysql:dbname=think5_api;host=localhost;port=8889;charset=utf8
[ sql ] [ SQL ] SELECT * FROM `api_news`  [ RunTime:0.000355s ]
[ error ] [8]未定义变量: news[/Users/zhouweiyong/Code/web/Think5Api/runtime/temp/12c514c789a1a963d8429b2227757876.php:247]

---------------------------------------------------------------
[ 2016-10-18T00:18:08+08:00 ] ::1 ::1 GET /index.php/admin/news/show.html
[ log ] localhost:8888/index.php/admin/news/show.html [运行时间：0.052404s][吞吐率：19.08req/s] [内存消耗：3,472.68kb] [文件加载：63]
[ info ] [ ROUTE ] array (
  'type' => 'module',
  'module' => 
  array (
    0 => 'admin',
    1 => 'news',
    2 => 'show',
  ),
)
[ info ] [ HEADER ] array (
  'host' => 'localhost:8888',
  'user-agent' => 'Mozilla/5.0 (Macintosh; Intel Mac OS X 10.12; rv:49.0) Gecko/20100101 Firefox/49.0',
  'accept' => 'text/html,application/xhtml+xml,application/xml;q=0.9,*/*;q=0.8',
  'accept-language' => 'zh-CN,zh;q=0.8,en-US;q=0.5,en;q=0.3',
  'accept-encoding' => 'gzip, deflate',
  'cookie' => 'ace.settings=%7B%22sidebar-collapsed%22%3A-1%7D; ace.settings=%7B%22sidebar-collapsed%22%3A-1%7D; Webstorm-8aea5f95=23434b1f-8580-4344-a5c1-eff1d22687af; CNZZDATA155540=cnzz_eid%3D2136305627-1472045223-%26ntime%3D1476717180; think_var=zh-cn',
  'connection' => 'keep-alive',
  'upgrade-insecure-requests' => '1',
)
[ info ] [ PARAM ] array (
)
[ info ] [ RUN ] Method [ <user> public method show ] {
  @@ /Users/zhouweiyong/Code/web/Think5Api/application/admin/controller/NewsController.php 37 - 48
}

[ info ] [ DB ] INIT mysql
[ info ] [ VIEW ] /Users/zhouweiyong/Code/web/Think5Api/public/../application/admin/view/news/show.html [ array (
  0 => 'Config',
  1 => 'newsList',
) ]
[ info ] [ LANG ] /Users/zhouweiyong/Code/web/Think5Api/thinkphp/lang/zh-cn.php
[ info ] [ LANG ] /Users/zhouweiyong/Code/web/Think5Api/thinkphp/lang/zh-cn.php
[ info ] [ LOG ] INIT File
[ sql ] [ DB ] CONNECT:[ UseTime:0.000365s ] mysql:dbname=think5_api;host=localhost;port=8889;charset=utf8
[ sql ] [ SQL ] SELECT * FROM `api_news`  [ RunTime:0.000407s ]
[ error ] [8]未定义变量: news[/Users/zhouweiyong/Code/web/Think5Api/runtime/temp/12c514c789a1a963d8429b2227757876.php:247]

---------------------------------------------------------------
[ 2016-10-18T00:19:04+08:00 ] ::1 ::1 GET /index.php/admin/news/show.html
[ log ] localhost:8888/index.php/admin/news/show.html [运行时间：0.048473s][吞吐率：20.63req/s] [内存消耗：3,352.33kb] [文件加载：56]
[ info ] [ ROUTE ] array (
  'type' => 'module',
  'module' => 
  array (
    0 => 'admin',
    1 => 'news',
    2 => 'show',
  ),
)
[ info ] [ HEADER ] array (
  'host' => 'localhost:8888',
  'user-agent' => 'Mozilla/5.0 (Macintosh; Intel Mac OS X 10.12; rv:49.0) Gecko/20100101 Firefox/49.0',
  'accept' => 'text/html,application/xhtml+xml,application/xml;q=0.9,*/*;q=0.8',
  'accept-language' => 'zh-CN,zh;q=0.8,en-US;q=0.5,en;q=0.3',
  'accept-encoding' => 'gzip, deflate',
  'cookie' => 'ace.settings=%7B%22sidebar-collapsed%22%3A-1%7D; ace.settings=%7B%22sidebar-collapsed%22%3A-1%7D; Webstorm-8aea5f95=23434b1f-8580-4344-a5c1-eff1d22687af; CNZZDATA155540=cnzz_eid%3D2136305627-1472045223-%26ntime%3D1476717180; think_var=zh-cn',
  'connection' => 'keep-alive',
  'upgrade-insecure-requests' => '1',
)
[ info ] [ PARAM ] array (
)
[ info ] [ RUN ] Method [ <user> public method show ] {
  @@ /Users/zhouweiyong/Code/web/Think5Api/application/admin/controller/NewsController.php 37 - 48
}

[ info ] [ DB ] INIT mysql
[ info ] [ VIEW ] /Users/zhouweiyong/Code/web/Think5Api/public/../application/admin/view/news/show.html [ array (
  0 => 'Config',
  1 => 'newsList',
) ]
[ info ] [ LOG ] INIT File
[ sql ] [ DB ] CONNECT:[ UseTime:0.000464s ] mysql:dbname=think5_api;host=localhost;port=8889;charset=utf8
[ sql ] [ SQL ] SELECT * FROM `api_news`  [ RunTime:0.000400s ]

---------------------------------------------------------------
[ 2016-10-18T00:19:15+08:00 ] ::1 ::1 GET /index.php/admin/news/show.html
[ log ] localhost:8888/index.php/admin/news/show.html [运行时间：0.048003s][吞吐率：20.83req/s] [内存消耗：3,352.23kb] [文件加载：56]
[ info ] [ ROUTE ] array (
  'type' => 'module',
  'module' => 
  array (
    0 => 'admin',
    1 => 'news',
    2 => 'show',
  ),
)
[ info ] [ HEADER ] array (
  'host' => 'localhost:8888',
  'user-agent' => 'Mozilla/5.0 (Macintosh; Intel Mac OS X 10.12; rv:49.0) Gecko/20100101 Firefox/49.0',
  'accept' => 'text/html,application/xhtml+xml,application/xml;q=0.9,*/*;q=0.8',
  'accept-language' => 'zh-CN,zh;q=0.8,en-US;q=0.5,en;q=0.3',
  'accept-encoding' => 'gzip, deflate',
  'cookie' => 'ace.settings=%7B%22sidebar-collapsed%22%3A-1%7D; ace.settings=%7B%22sidebar-collapsed%22%3A-1%7D; Webstorm-8aea5f95=23434b1f-8580-4344-a5c1-eff1d22687af; CNZZDATA155540=cnzz_eid%3D2136305627-1472045223-%26ntime%3D1476717180; think_var=zh-cn',
  'connection' => 'keep-alive',
  'upgrade-insecure-requests' => '1',
)
[ info ] [ PARAM ] array (
)
[ info ] [ RUN ] Method [ <user> public method show ] {
  @@ /Users/zhouweiyong/Code/web/Think5Api/application/admin/controller/NewsController.php 37 - 48
}

[ info ] [ DB ] INIT mysql
[ info ] [ VIEW ] /Users/zhouweiyong/Code/web/Think5Api/public/../application/admin/view/news/show.html [ array (
  0 => 'Config',
  1 => 'newsList',
) ]
[ info ] [ LOG ] INIT File
[ sql ] [ DB ] CONNECT:[ UseTime:0.000488s ] mysql:dbname=think5_api;host=localhost;port=8889;charset=utf8
[ sql ] [ SQL ] SELECT * FROM `api_news`  [ RunTime:0.000498s ]

---------------------------------------------------------------
[ 2016-10-18T00:19:34+08:00 ] ::1 ::1 GET /index.php/admin/news/show.html
[ log ] localhost:8888/index.php/admin/news/show.html [运行时间：0.045571s][吞吐率：21.94req/s] [内存消耗：3,343.05kb] [文件加载：56]
[ info ] [ ROUTE ] array (
  'type' => 'module',
  'module' => 
  array (
    0 => 'admin',
    1 => 'news',
    2 => 'show',
  ),
)
[ info ] [ HEADER ] array (
  'host' => 'localhost:8888',
  'user-agent' => 'Mozilla/5.0 (Macintosh; Intel Mac OS X 10.12; rv:49.0) Gecko/20100101 Firefox/49.0',
  'accept' => 'text/html,application/xhtml+xml,application/xml;q=0.9,*/*;q=0.8',
  'accept-language' => 'zh-CN,zh;q=0.8,en-US;q=0.5,en;q=0.3',
  'accept-encoding' => 'gzip, deflate',
  'cookie' => 'ace.settings=%7B%22sidebar-collapsed%22%3A-1%7D; ace.settings=%7B%22sidebar-collapsed%22%3A-1%7D; Webstorm-8aea5f95=23434b1f-8580-4344-a5c1-eff1d22687af; CNZZDATA155540=cnzz_eid%3D2136305627-1472045223-%26ntime%3D1476717180; think_var=zh-cn',
  'connection' => 'keep-alive',
  'upgrade-insecure-requests' => '1',
)
[ info ] [ PARAM ] array (
)
[ info ] [ RUN ] Method [ <user> public method show ] {
  @@ /Users/zhouweiyong/Code/web/Think5Api/application/admin/controller/NewsController.php 37 - 47
}

[ info ] [ DB ] INIT mysql
[ info ] [ VIEW ] /Users/zhouweiyong/Code/web/Think5Api/public/../application/admin/view/news/show.html [ array (
  0 => 'Config',
  1 => 'newsList',
) ]
[ info ] [ LOG ] INIT File
[ sql ] [ DB ] CONNECT:[ UseTime:0.000362s ] mysql:dbname=think5_api;host=localhost;port=8889;charset=utf8
[ sql ] [ SQL ] SELECT * FROM `api_news`  [ RunTime:0.000342s ]

---------------------------------------------------------------
[ 2016-10-18T00:19:44+08:00 ] ::1 ::1 GET /index.php/admin/news/add.html
[ log ] localhost:8888/index.php/admin/news/add.html [运行时间：0.029000s][吞吐率：34.48req/s] [内存消耗：2,028.27kb] [文件加载：45]
[ info ] [ ROUTE ] array (
  'type' => 'module',
  'module' => 
  array (
    0 => 'admin',
    1 => 'news',
    2 => 'add',
  ),
)
[ info ] [ HEADER ] array (
  'host' => 'localhost:8888',
  'user-agent' => 'Mozilla/5.0 (Macintosh; Intel Mac OS X 10.12; rv:49.0) Gecko/20100101 Firefox/49.0',
  'accept' => 'text/html,application/xhtml+xml,application/xml;q=0.9,*/*;q=0.8',
  'accept-language' => 'zh-CN,zh;q=0.8,en-US;q=0.5,en;q=0.3',
  'accept-encoding' => 'gzip, deflate',
  'referer' => 'http://localhost:8888/index.php/admin/news/show.html',
  'cookie' => 'ace.settings=%7B%22sidebar-collapsed%22%3A-1%7D; ace.settings=%7B%22sidebar-collapsed%22%3A-1%7D; Webstorm-8aea5f95=23434b1f-8580-4344-a5c1-eff1d22687af; CNZZDATA155540=cnzz_eid%3D2136305627-1472045223-%26ntime%3D1476717180; think_var=zh-cn',
  'connection' => 'keep-alive',
  'upgrade-insecure-requests' => '1',
)
[ info ] [ PARAM ] array (
)
[ info ] [ RUN ] Method [ <user> public method add ] {
  @@ /Users/zhouweiyong/Code/web/Think5Api/application/admin/controller/NewsController.php 17 - 24
}

[ info ] [ VIEW ] /Users/zhouweiyong/Code/web/Think5Api/public/../application/admin/view/news/add.html [ array (
  0 => 'Config',
) ]
[ info ] [ LOG ] INIT File

---------------------------------------------------------------
[ 2016-10-18T00:19:45+08:00 ] ::1 ::1 GET /index.php/admin/news/show.html
[ log ] localhost:8888/index.php/admin/news/show.html [运行时间：0.044831s][吞吐率：22.31req/s] [内存消耗：3,110.77kb] [文件加载：54]
[ info ] [ ROUTE ] array (
  'type' => 'module',
  'module' => 
  array (
    0 => 'admin',
    1 => 'news',
    2 => 'show',
  ),
)
[ info ] [ HEADER ] array (
  'host' => 'localhost:8888',
  'user-agent' => 'Mozilla/5.0 (Macintosh; Intel Mac OS X 10.12; rv:49.0) Gecko/20100101 Firefox/49.0',
  'accept' => 'text/html,application/xhtml+xml,application/xml;q=0.9,*/*;q=0.8',
  'accept-language' => 'zh-CN,zh;q=0.8,en-US;q=0.5,en;q=0.3',
  'accept-encoding' => 'gzip, deflate',
  'referer' => 'http://localhost:8888/index.php/admin/news/add.html',
  'cookie' => 'ace.settings=%7B%22sidebar-collapsed%22%3A-1%7D; ace.settings=%7B%22sidebar-collapsed%22%3A-1%7D; Webstorm-8aea5f95=23434b1f-8580-4344-a5c1-eff1d22687af; CNZZDATA155540=cnzz_eid%3D2136305627-1472045223-%26ntime%3D1476717180; think_var=zh-cn',
  'connection' => 'keep-alive',
  'upgrade-insecure-requests' => '1',
)
[ info ] [ PARAM ] array (
)
[ info ] [ RUN ] Method [ <user> public method show ] {
  @@ /Users/zhouweiyong/Code/web/Think5Api/application/admin/controller/NewsController.php 37 - 47
}

[ info ] [ DB ] INIT mysql
[ info ] [ VIEW ] /Users/zhouweiyong/Code/web/Think5Api/public/../application/admin/view/news/show.html [ array (
  0 => 'Config',
  1 => 'newsList',
) ]
[ info ] [ LOG ] INIT File
[ sql ] [ DB ] CONNECT:[ UseTime:0.000296s ] mysql:dbname=think5_api;host=localhost;port=8889;charset=utf8
[ sql ] [ SQL ] SELECT * FROM `api_news`  [ RunTime:0.000283s ]

---------------------------------------------------------------
